Command: ./simv -l simv.log -lca +UVM_TESTNAME=wb_conmax_simple_cmdline_proc -l wb_conmax_simple_cmdline_proc.log +slave_adr_max=1234567
Chronologic VCS simulator copyright 1991-2016
Contains Synopsys proprietary information.
Compiler version L-2016.06-SP1; Runtime version L-2016.06-SP1;  Dec  2 22:17 2016
UVM_INFO /global/apps3/vcs_2016.06-SP1/etc/uvm-1.2/base/uvm_root.svh(402) @ 0: reporter [UVM/RELNOTES] 
----------------------------------------------------------------
UVM-1.2.Synopsys
(C) 2007-2014 Mentor Graphics Corporation
(C) 2007-2014 Cadence Design Systems, Inc.
(C) 2006-2014 Synopsys, Inc.
(C) 2011-2013 Cypress Semiconductor Corp.
(C) 2013-2014 NVIDIA Corporation
----------------------------------------------------------------

  ***********       IMPORTANT RELEASE NOTES         ************

  You are using a version of the UVM library that has been compiled
  with `UVM_OBJECT_DO_NOT_NEED_CONSTRUCTOR undefined.
  See http://www.eda.org/svdb/view.php?id=3770 for more details.

      (Specify +UVM_NO_RELNOTES to turn off this notice)

UVM_INFO @ 0: reporter [RNTST] Running test wb_conmax_simple_cmdline_proc...
SLAVE ADR = 0012d687
-------------------------------------------------------
Name                      Type           Size  Value   
-------------------------------------------------------
master_configuration[00]  wb_config      -     @487    
  port_size               sizes_e        32    DWORD   
  granularity             sizes_e        32    BYTE    
  cycles                  cycle_types_e  32    CLASSIC 
  max_n_wss               integral       32    'h5     
  min_addr                integral       32    'h0     
  max_addr                integral       32    'h12d687
-------------------------------------------------------
-------------------------------------------------------
Name                      Type           Size  Value   
-------------------------------------------------------
master_configuration[01]  wb_config      -     @488    
  port_size               sizes_e        32    DWORD   
  granularity             sizes_e        32    BYTE    
  cycles                  cycle_types_e  32    CLASSIC 
  max_n_wss               integral       32    'h5     
  min_addr                integral       32    'h0     
  max_addr                integral       32    'h12d687
-------------------------------------------------------
-------------------------------------------------------
Name                      Type           Size  Value   
-------------------------------------------------------
master_configuration[02]  wb_config      -     @489    
  port_size               sizes_e        32    DWORD   
  granularity             sizes_e        32    BYTE    
  cycles                  cycle_types_e  32    CLASSIC 
  max_n_wss               integral       32    'h5     
  min_addr                integral       32    'h0     
  max_addr                integral       32    'h12d687
-------------------------------------------------------
-------------------------------------------------------
Name                      Type           Size  Value   
-------------------------------------------------------
master_configuration[03]  wb_config      -     @490    
  port_size               sizes_e        32    DWORD   
  granularity             sizes_e        32    BYTE    
  cycles                  cycle_types_e  32    CLASSIC 
  max_n_wss               integral       32    'h5     
  min_addr                integral       32    'h0     
  max_addr                integral       32    'h12d687
-------------------------------------------------------
-------------------------------------------------------
Name                      Type           Size  Value   
-------------------------------------------------------
master_configuration[04]  wb_config      -     @491    
  port_size               sizes_e        32    DWORD   
  granularity             sizes_e        32    BYTE    
  cycles                  cycle_types_e  32    CLASSIC 
  max_n_wss               integral       32    'h5     
  min_addr                integral       32    'h0     
  max_addr                integral       32    'h12d687
-------------------------------------------------------
-------------------------------------------------------
Name                      Type           Size  Value   
-------------------------------------------------------
master_configuration[05]  wb_config      -     @492    
  port_size               sizes_e        32    DWORD   
  granularity             sizes_e        32    BYTE    
  cycles                  cycle_types_e  32    CLASSIC 
  max_n_wss               integral       32    'h5     
  min_addr                integral       32    'h0     
  max_addr                integral       32    'h12d687
-------------------------------------------------------
-------------------------------------------------------
Name                      Type           Size  Value   
-------------------------------------------------------
master_configuration[06]  wb_config      -     @493    
  port_size               sizes_e        32    DWORD   
  granularity             sizes_e        32    BYTE    
  cycles                  cycle_types_e  32    CLASSIC 
  max_n_wss               integral       32    'h5     
  min_addr                integral       32    'h0     
  max_addr                integral       32    'h12d687
-------------------------------------------------------
-------------------------------------------------------
Name                      Type           Size  Value   
-------------------------------------------------------
master_configuration[07]  wb_config      -     @494    
  port_size               sizes_e        32    DWORD   
  granularity             sizes_e        32    BYTE    
  cycles                  cycle_types_e  32    CLASSIC 
  max_n_wss               integral       32    'h5     
  min_addr                integral       32    'h0     
  max_addr                integral       32    'h12d687
-------------------------------------------------------
------------------------------------------------------
Name                     Type           Size  Value   
------------------------------------------------------
slave_configuration[00]  wb_config      -     @495    
  port_size              sizes_e        32    DWORD   
  granularity            sizes_e        32    BYTE    
  cycles                 cycle_types_e  32    CLASSIC 
  max_n_wss              integral       32    'h2     
  min_addr               integral       32    'h0     
  max_addr               integral       32    'h12d687
------------------------------------------------------
-------------------------------------------------------
Name                     Type           Size  Value    
-------------------------------------------------------
slave_configuration[01]  wb_config      -     @496     
  port_size              sizes_e        32    DWORD    
  granularity            sizes_e        32    BYTE     
  cycles                 cycle_types_e  32    CLASSIC  
  max_n_wss              integral       32    'h2      
  min_addr               integral       32    'h0      
  max_addr               integral       32    'h112d686
-------------------------------------------------------
-------------------------------------------------------
Name                     Type           Size  Value    
-------------------------------------------------------
slave_configuration[02]  wb_config      -     @497     
  port_size              sizes_e        32    DWORD    
  granularity            sizes_e        32    BYTE     
  cycles                 cycle_types_e  32    CLASSIC  
  max_n_wss              integral       32    'h2      
  min_addr               integral       32    'h0      
  max_addr               integral       32    'h212d685
-------------------------------------------------------
-------------------------------------------------------
Name                     Type           Size  Value    
-------------------------------------------------------
slave_configuration[03]  wb_config      -     @498     
  port_size              sizes_e        32    DWORD    
  granularity            sizes_e        32    BYTE     
  cycles                 cycle_types_e  32    CLASSIC  
  max_n_wss              integral       32    'h2      
  min_addr               integral       32    'h0      
  max_addr               integral       32    'h312d684
-------------------------------------------------------
-------------------------------------------------------
Name                     Type           Size  Value    
-------------------------------------------------------
slave_configuration[04]  wb_config      -     @499     
  port_size              sizes_e        32    DWORD    
  granularity            sizes_e        32    BYTE     
  cycles                 cycle_types_e  32    CLASSIC  
  max_n_wss              integral       32    'h2      
  min_addr               integral       32    'h0      
  max_addr               integral       32    'h412d683
-------------------------------------------------------
-------------------------------------------------------
Name                     Type           Size  Value    
-------------------------------------------------------
slave_configuration[05]  wb_config      -     @500     
  port_size              sizes_e        32    DWORD    
  granularity            sizes_e        32    BYTE     
  cycles                 cycle_types_e  32    CLASSIC  
  max_n_wss              integral       32    'h2      
  min_addr               integral       32    'h0      
  max_addr               integral       32    'h512d682
-------------------------------------------------------
-------------------------------------------------------
Name                     Type           Size  Value    
-------------------------------------------------------
slave_configuration[06]  wb_config      -     @501     
  port_size              sizes_e        32    DWORD    
  granularity            sizes_e        32    BYTE     
  cycles                 cycle_types_e  32    CLASSIC  
  max_n_wss              integral       32    'h2      
  min_addr               integral       32    'h0      
  max_addr               integral       32    'h612d681
-------------------------------------------------------
-------------------------------------------------------
Name                     Type           Size  Value    
-------------------------------------------------------
slave_configuration[07]  wb_config      -     @502     
  port_size              sizes_e        32    DWORD    
  granularity            sizes_e        32    BYTE     
  cycles                 cycle_types_e  32    CLASSIC  
  max_n_wss              integral       32    'h2      
  min_addr               integral       32    'h0      
  max_addr               integral       32    'h712d680
-------------------------------------------------------
-------------------------------------------------------
Name                     Type           Size  Value    
-------------------------------------------------------
slave_configuration[08]  wb_config      -     @503     
  port_size              sizes_e        32    DWORD    
  granularity            sizes_e        32    BYTE     
  cycles                 cycle_types_e  32    CLASSIC  
  max_n_wss              integral       32    'h2      
  min_addr               integral       32    'h0      
  max_addr               integral       32    'h812d67f
-------------------------------------------------------
-------------------------------------------------------
Name                     Type           Size  Value    
-------------------------------------------------------
slave_configuration[09]  wb_config      -     @504     
  port_size              sizes_e        32    DWORD    
  granularity            sizes_e        32    BYTE     
  cycles                 cycle_types_e  32    CLASSIC  
  max_n_wss              integral       32    'h2      
  min_addr               integral       32    'h0      
  max_addr               integral       32    'h912d67e
-------------------------------------------------------
-------------------------------------------------------
Name                     Type           Size  Value    
-------------------------------------------------------
slave_configuration[10]  wb_config      -     @505     
  port_size              sizes_e        32    DWORD    
  granularity            sizes_e        32    BYTE     
  cycles                 cycle_types_e  32    CLASSIC  
  max_n_wss              integral       32    'h2      
  min_addr               integral       32    'h0      
  max_addr               integral       32    'ha12d67d
-------------------------------------------------------
-------------------------------------------------------
Name                     Type           Size  Value    
-------------------------------------------------------
slave_configuration[11]  wb_config      -     @506     
  port_size              sizes_e        32    DWORD    
  granularity            sizes_e        32    BYTE     
  cycles                 cycle_types_e  32    CLASSIC  
  max_n_wss              integral       32    'h2      
  min_addr               integral       32    'h0      
  max_addr               integral       32    'hb12d67c
-------------------------------------------------------
-------------------------------------------------------
Name                     Type           Size  Value    
-------------------------------------------------------
slave_configuration[12]  wb_config      -     @507     
  port_size              sizes_e        32    DWORD    
  granularity            sizes_e        32    BYTE     
  cycles                 cycle_types_e  32    CLASSIC  
  max_n_wss              integral       32    'h2      
  min_addr               integral       32    'h0      
  max_addr               integral       32    'hc12d67b
-------------------------------------------------------
-------------------------------------------------------
Name                     Type           Size  Value    
-------------------------------------------------------
slave_configuration[13]  wb_config      -     @508     
  port_size              sizes_e        32    DWORD    
  granularity            sizes_e        32    BYTE     
  cycles                 cycle_types_e  32    CLASSIC  
  max_n_wss              integral       32    'h2      
  min_addr               integral       32    'h0      
  max_addr               integral       32    'hd12d67a
-------------------------------------------------------
-------------------------------------------------------
Name                     Type           Size  Value    
-------------------------------------------------------
slave_configuration[14]  wb_config      -     @509     
  port_size              sizes_e        32    DWORD    
  granularity            sizes_e        32    BYTE     
  cycles                 cycle_types_e  32    CLASSIC  
  max_n_wss              integral       32    'h2      
  min_addr               integral       32    'h0      
  max_addr               integral       32    'he12d679
-------------------------------------------------------
-------------------------------------------------------
Name                     Type           Size  Value    
-------------------------------------------------------
slave_configuration[15]  wb_config      -     @510     
  port_size              sizes_e        32    DWORD    
  granularity            sizes_e        32    BYTE     
  cycles                 cycle_types_e  32    CLASSIC  
  max_n_wss              integral       32    'h2      
  min_addr               integral       32    'h0      
  max_addr               integral       32    'hf12d678
-------------------------------------------------------
UVM_INFO ../tests/wb_conmax_simple_cmdline_proc.sv(87) @ 0: uvm_test_top [uvm_test_top] Value of Slave Adr max is 1012d677
UVM_INFO /global/apps3/vcs_2016.06-SP1/etc/uvm-1.2/base/uvm_spell_chkr.svh(123) @ 0: reporter [UVM/CONFIGDB/SPELLCHK] include_coverage not located, did you mean default_sequence
UVM_INFO /global/apps3/vcs_2016.06-SP1/etc/uvm-1.2/base/uvm_spell_chkr.svh(123) @ 0: reporter [UVM/CONFIGDB/SPELLCHK] include_coverage not located, did you mean default_sequence
UVM_INFO /global/apps3/vcs_2016.06-SP1/etc/uvm-1.2/base/uvm_spell_chkr.svh(123) @ 0: reporter [UVM/CONFIGDB/SPELLCHK] include_coverage not located, did you mean default_sequence
UVM_INFO /global/apps3/vcs_2016.06-SP1/etc/uvm-1.2/base/uvm_spell_chkr.svh(123) @ 0: reporter [UVM/CONFIGDB/SPELLCHK] include_coverage not located, did you mean default_sequence
UVM_INFO /global/apps3/vcs_2016.06-SP1/etc/uvm-1.2/base/uvm_spell_chkr.svh(123) @ 0: reporter [UVM/CONFIGDB/SPELLCHK] include_coverage not located, did you mean default_sequence
UVM_INFO /global/apps3/vcs_2016.06-SP1/etc/uvm-1.2/base/uvm_spell_chkr.svh(123) @ 0: reporter [UVM/CONFIGDB/SPELLCHK] include_coverage not located, did you mean default_sequence
UVM_INFO /global/apps3/vcs_2016.06-SP1/etc/uvm-1.2/base/uvm_spell_chkr.svh(123) @ 0: reporter [UVM/CONFIGDB/SPELLCHK] include_coverage not located, did you mean default_sequence
UVM_INFO /global/apps3/vcs_2016.06-SP1/etc/uvm-1.2/base/uvm_spell_chkr.svh(123) @ 0: reporter [UVM/CONFIGDB/SPELLCHK] include_coverage not located, did you mean default_sequence
UVM_INFO /global/apps3/vcs_2016.06-SP1/etc/uvm-1.2/base/uvm_spell_chkr.svh(123) @ 0: reporter [UVM/CONFIGDB/SPELLCHK] include_coverage not located, did you mean default_sequence
UVM_INFO ../src/wb_conmax_virtual_sequence.sv(33) @ 0: uvm_test_top.env.wb_conmax_virt_seqr@@wb_conmax_virtual_sequence [UVM_VIRTUAL_SEQUENCER] Starting a virtual sequence on the virtual sequencer
UVM_INFO ../src/wb_conmax_virtual_sequence.sv(35) @ 0: uvm_test_top.env.wb_conmax_virt_seqr@@wb_conmax_virtual_sequence [VIRT_SEQQ] Starting Virtual Sequence: PART 0
UVM_INFO ../src/wb_master_agent_sequence_library.sv(67) @ 0: uvm_test_top.env.master_agent[00].mast_sqr@@wb_conmax_virtual_sequence.sequence0 [uvm_test_top.env.wb_conmax_virt_seqr.wb_conmax_virtual_sequence.sequence0] Starting Sequence sequence_0 
UVM_INFO ../../common/wb_master.sv(164) @ 0: uvm_test_top.env.master_agent[00].mast_drv [wb_env_DRIVER] Starting transaction...
UVM_INFO ../../common/wb_master.sv(242) @ 5000: uvm_test_top.env.master_agent[00].mast_drv [Wb master] Got a write transaction
UVM_INFO ../../common/wb_slave.sv(158) @ 206000: uvm_test_top.env.slave_agent[00].slv_drv [uvm_test_top.env.slave_agent[00].slv_drv] responding in this cycle
UVM_INFO ../../common/wb_slave_mon.sv(141) @ 206000: uvm_test_top.env.slave_agent[00].slv_mon [WB slave Monitor] got a write transaction  from Master 
UVM_INFO ../../common/wb_slave.sv(198) @ 235000: uvm_test_top.env.slave_agent[00].slv_drv [SLAVE_DRIVER] Completed transaction...
UVM_INFO @ 235000: uvm_test_top.env.Scoreboard.comparator          0 [Comparator Match] 
UVM_INFO ../../common/wb_master.sv(192) @ 245000: uvm_test_top.env.master_agent[00].mast_drv [wb_env_DRIVER] Completed transaction...
UVM_INFO ../../common/wb_master.sv(164) @ 245000: uvm_test_top.env.master_agent[00].mast_drv [wb_env_DRIVER] Starting transaction...
UVM_INFO ../../common/wb_master.sv(202) @ 255000: uvm_test_top.env.master_agent[00].mast_drv [Wb master] Got a read transaction
UVM_INFO ../../common/wb_slave.sv(158) @ 276000: uvm_test_top.env.slave_agent[00].slv_drv [uvm_test_top.env.slave_agent[00].slv_drv] responding in this cycle
UVM_INFO ../../common/wb_slave_mon.sv(151) @ 276000: uvm_test_top.env.slave_agent[00].slv_mon [Wb_slave Monitor] got a read transaction  
UVM_INFO ../../common/wb_slave.sv(198) @ 305000: uvm_test_top.env.slave_agent[00].slv_drv [SLAVE_DRIVER] Completed transaction...
UVM_INFO @ 305000: uvm_test_top.env.Scoreboard.comparator          0 [Comparator Match] 
UVM_INFO ../../common/wb_master.sv(192) @ 315000: uvm_test_top.env.master_agent[00].mast_drv [wb_env_DRIVER] Completed transaction...
UVM_INFO ../src/wb_conmax_virtual_sequence.sv(38) @ 315000: uvm_test_top.env.wb_conmax_virt_seqr@@wb_conmax_virtual_sequence [VIRT_SEQQ] Starting Virtual Sequence: PART 1
UVM_INFO ../src/wb_master_agent_sequence_library.sv(83) @ 315000: uvm_test_top.env.master_agent[01].mast_sqr@@wb_conmax_virtual_sequence.sequence1 [uvm_test_top.env.wb_conmax_virt_seqr.wb_conmax_virtual_sequence.sequence1] Starting Sequence sequence_1 
UVM_INFO ../../common/wb_master.sv(164) @ 315000: uvm_test_top.env.master_agent[01].mast_drv [wb_env_DRIVER] Starting transaction...
UVM_INFO ../../common/wb_master.sv(242) @ 325000: uvm_test_top.env.master_agent[01].mast_drv [Wb master] Got a write transaction
UVM_INFO ../../common/wb_slave.sv(158) @ 346000: uvm_test_top.env.slave_agent[00].slv_drv [uvm_test_top.env.slave_agent[00].slv_drv] responding in this cycle
UVM_INFO ../../common/wb_slave_mon.sv(141) @ 346000: uvm_test_top.env.slave_agent[00].slv_mon [WB slave Monitor] got a write transaction  from Master 
UVM_INFO ../../common/wb_slave.sv(198) @ 375000: uvm_test_top.env.slave_agent[00].slv_drv [SLAVE_DRIVER] Completed transaction...
UVM_INFO @ 375000: uvm_test_top.env.Scoreboard.comparator          0 [Comparator Match] 
UVM_INFO ../../common/wb_master.sv(192) @ 385000: uvm_test_top.env.master_agent[01].mast_drv [wb_env_DRIVER] Completed transaction...
UVM_INFO ../../common/wb_master.sv(164) @ 385000: uvm_test_top.env.master_agent[01].mast_drv [wb_env_DRIVER] Starting transaction...
UVM_INFO ../../common/wb_master.sv(242) @ 395000: uvm_test_top.env.master_agent[01].mast_drv [Wb master] Got a write transaction
UVM_INFO ../../common/wb_slave.sv(158) @ 416000: uvm_test_top.env.slave_agent[00].slv_drv [uvm_test_top.env.slave_agent[00].slv_drv] responding in this cycle
UVM_INFO ../../common/wb_slave_mon.sv(141) @ 416000: uvm_test_top.env.slave_agent[00].slv_mon [WB slave Monitor] got a write transaction  from Master 
UVM_INFO ../../common/wb_slave.sv(198) @ 445000: uvm_test_top.env.slave_agent[00].slv_drv [SLAVE_DRIVER] Completed transaction...
UVM_INFO @ 445000: uvm_test_top.env.Scoreboard.comparator          0 [Comparator Match] 
UVM_INFO ../../common/wb_master.sv(192) @ 455000: uvm_test_top.env.master_agent[01].mast_drv [wb_env_DRIVER] Completed transaction...
UVM_INFO ../../common/wb_master.sv(164) @ 455000: uvm_test_top.env.master_agent[01].mast_drv [wb_env_DRIVER] Starting transaction...
UVM_INFO ../../common/wb_master.sv(242) @ 465000: uvm_test_top.env.master_agent[01].mast_drv [Wb master] Got a write transaction
UVM_INFO ../../common/wb_slave.sv(158) @ 486000: uvm_test_top.env.slave_agent[00].slv_drv [uvm_test_top.env.slave_agent[00].slv_drv] responding in this cycle
UVM_INFO ../../common/wb_slave_mon.sv(141) @ 486000: uvm_test_top.env.slave_agent[00].slv_mon [WB slave Monitor] got a write transaction  from Master 
UVM_INFO ../../common/wb_slave.sv(198) @ 515000: uvm_test_top.env.slave_agent[00].slv_drv [SLAVE_DRIVER] Completed transaction...
UVM_INFO @ 515000: uvm_test_top.env.Scoreboard.comparator          0 [Comparator Match] 
UVM_INFO ../../common/wb_master.sv(192) @ 525000: uvm_test_top.env.master_agent[01].mast_drv [wb_env_DRIVER] Completed transaction...
UVM_INFO ../../common/wb_master.sv(164) @ 525000: uvm_test_top.env.master_agent[01].mast_drv [wb_env_DRIVER] Starting transaction...
UVM_INFO ../../common/wb_master.sv(202) @ 535000: uvm_test_top.env.master_agent[01].mast_drv [Wb master] Got a read transaction
UVM_INFO ../../common/wb_slave.sv(158) @ 556000: uvm_test_top.env.slave_agent[00].slv_drv [uvm_test_top.env.slave_agent[00].slv_drv] responding in this cycle
UVM_INFO ../../common/wb_slave_mon.sv(151) @ 556000: uvm_test_top.env.slave_agent[00].slv_mon [Wb_slave Monitor] got a read transaction  
UVM_INFO ../../common/wb_slave.sv(198) @ 585000: uvm_test_top.env.slave_agent[00].slv_drv [SLAVE_DRIVER] Completed transaction...
UVM_INFO @ 585000: uvm_test_top.env.Scoreboard.comparator          0 [Comparator Match] 
UVM_INFO ../../common/wb_master.sv(192) @ 595000: uvm_test_top.env.master_agent[01].mast_drv [wb_env_DRIVER] Completed transaction...
UVM_INFO ../../common/wb_master.sv(164) @ 595000: uvm_test_top.env.master_agent[01].mast_drv [wb_env_DRIVER] Starting transaction...
UVM_INFO ../../common/wb_master.sv(202) @ 605000: uvm_test_top.env.master_agent[01].mast_drv [Wb master] Got a read transaction
UVM_INFO ../../common/wb_slave.sv(158) @ 626000: uvm_test_top.env.slave_agent[00].slv_drv [uvm_test_top.env.slave_agent[00].slv_drv] responding in this cycle
UVM_INFO ../../common/wb_slave_mon.sv(151) @ 626000: uvm_test_top.env.slave_agent[00].slv_mon [Wb_slave Monitor] got a read transaction  
UVM_INFO ../../common/wb_slave.sv(198) @ 655000: uvm_test_top.env.slave_agent[00].slv_drv [SLAVE_DRIVER] Completed transaction...
UVM_INFO @ 655000: uvm_test_top.env.Scoreboard.comparator          0 [Comparator Match] 
UVM_INFO ../../common/wb_master.sv(192) @ 665000: uvm_test_top.env.master_agent[01].mast_drv [wb_env_DRIVER] Completed transaction...
UVM_INFO ../src/wb_conmax_virtual_sequence.sv(40) @ 665000: uvm_test_top.env.wb_conmax_virt_seqr@@wb_conmax_virtual_sequence [VIRT_SEQQ] Starting Virtual Sequence: PART 2
UVM_INFO ../src/wb_master_agent_sequence_library.sv(67) @ 665000: uvm_test_top.env.master_agent[02].mast_sqr@@wb_conmax_virtual_sequence.sequence0 [uvm_test_top.env.wb_conmax_virt_seqr.wb_conmax_virtual_sequence.sequence0] Starting Sequence sequence_0 
UVM_INFO ../../common/wb_master.sv(164) @ 665000: uvm_test_top.env.master_agent[02].mast_drv [wb_env_DRIVER] Starting transaction...
UVM_INFO ../../common/wb_master.sv(242) @ 675000: uvm_test_top.env.master_agent[02].mast_drv [Wb master] Got a write transaction
UVM_INFO ../../common/wb_slave.sv(158) @ 696000: uvm_test_top.env.slave_agent[00].slv_drv [uvm_test_top.env.slave_agent[00].slv_drv] responding in this cycle
UVM_INFO ../../common/wb_slave_mon.sv(141) @ 696000: uvm_test_top.env.slave_agent[00].slv_mon [WB slave Monitor] got a write transaction  from Master 
UVM_INFO ../../common/wb_slave.sv(198) @ 725000: uvm_test_top.env.slave_agent[00].slv_drv [SLAVE_DRIVER] Completed transaction...
UVM_INFO @ 725000: uvm_test_top.env.Scoreboard.comparator          0 [Comparator Match] 
UVM_INFO ../../common/wb_master.sv(192) @ 735000: uvm_test_top.env.master_agent[02].mast_drv [wb_env_DRIVER] Completed transaction...
UVM_INFO ../../common/wb_master.sv(164) @ 735000: uvm_test_top.env.master_agent[02].mast_drv [wb_env_DRIVER] Starting transaction...
UVM_INFO ../../common/wb_master.sv(202) @ 745000: uvm_test_top.env.master_agent[02].mast_drv [Wb master] Got a read transaction
UVM_INFO ../../common/wb_slave.sv(158) @ 766000: uvm_test_top.env.slave_agent[00].slv_drv [uvm_test_top.env.slave_agent[00].slv_drv] responding in this cycle
UVM_INFO ../../common/wb_slave_mon.sv(151) @ 766000: uvm_test_top.env.slave_agent[00].slv_mon [Wb_slave Monitor] got a read transaction  
UVM_INFO ../../common/wb_slave.sv(198) @ 795000: uvm_test_top.env.slave_agent[00].slv_drv [SLAVE_DRIVER] Completed transaction...
UVM_INFO @ 795000: uvm_test_top.env.Scoreboard.comparator          0 [Comparator Match] 
UVM_INFO ../../common/wb_master.sv(192) @ 805000: uvm_test_top.env.master_agent[02].mast_drv [wb_env_DRIVER] Completed transaction...
UVM_INFO ../src/wb_conmax_virtual_sequence.sv(42) @ 805000: uvm_test_top.env.wb_conmax_virt_seqr@@wb_conmax_virtual_sequence [VIRT_SEQQ] Starting Virtual Sequence: PART 3
UVM_INFO ../src/wb_master_agent_sequence_library.sv(67) @ 805000: uvm_test_top.env.master_agent[03].mast_sqr@@wb_conmax_virtual_sequence.sequence0 [uvm_test_top.env.wb_conmax_virt_seqr.wb_conmax_virtual_sequence.sequence0] Starting Sequence sequence_0 
UVM_INFO ../../common/wb_master.sv(164) @ 805000: uvm_test_top.env.master_agent[03].mast_drv [wb_env_DRIVER] Starting transaction...
UVM_INFO ../../common/wb_master.sv(242) @ 815000: uvm_test_top.env.master_agent[03].mast_drv [Wb master] Got a write transaction
UVM_INFO ../../common/wb_slave.sv(158) @ 836000: uvm_test_top.env.slave_agent[00].slv_drv [uvm_test_top.env.slave_agent[00].slv_drv] responding in this cycle
UVM_INFO ../../common/wb_slave_mon.sv(141) @ 836000: uvm_test_top.env.slave_agent[00].slv_mon [WB slave Monitor] got a write transaction  from Master 
UVM_INFO ../../common/wb_slave.sv(198) @ 865000: uvm_test_top.env.slave_agent[00].slv_drv [SLAVE_DRIVER] Completed transaction...
UVM_INFO @ 865000: uvm_test_top.env.Scoreboard.comparator          0 [Comparator Match] 
UVM_INFO ../../common/wb_master.sv(192) @ 875000: uvm_test_top.env.master_agent[03].mast_drv [wb_env_DRIVER] Completed transaction...
UVM_INFO ../../common/wb_master.sv(164) @ 875000: uvm_test_top.env.master_agent[03].mast_drv [wb_env_DRIVER] Starting transaction...
UVM_INFO ../../common/wb_master.sv(202) @ 885000: uvm_test_top.env.master_agent[03].mast_drv [Wb master] Got a read transaction
UVM_INFO ../../common/wb_slave.sv(158) @ 906000: uvm_test_top.env.slave_agent[00].slv_drv [uvm_test_top.env.slave_agent[00].slv_drv] responding in this cycle
UVM_INFO ../../common/wb_slave_mon.sv(151) @ 906000: uvm_test_top.env.slave_agent[00].slv_mon [Wb_slave Monitor] got a read transaction  
UVM_INFO ../../common/wb_slave.sv(198) @ 935000: uvm_test_top.env.slave_agent[00].slv_drv [SLAVE_DRIVER] Completed transaction...
UVM_INFO @ 935000: uvm_test_top.env.Scoreboard.comparator          0 [Comparator Match] 
UVM_INFO ../../common/wb_master.sv(192) @ 945000: uvm_test_top.env.master_agent[03].mast_drv [wb_env_DRIVER] Completed transaction...
UVM_INFO ../src/wb_conmax_virtual_sequence.sv(44) @ 945000: uvm_test_top.env.wb_conmax_virt_seqr@@wb_conmax_virtual_sequence [VIRT_SEQQ] Starting Virtual Sequence: PART 4
UVM_INFO ../src/wb_master_agent_sequence_library.sv(67) @ 945000: uvm_test_top.env.master_agent[04].mast_sqr@@wb_conmax_virtual_sequence.sequence0 [uvm_test_top.env.wb_conmax_virt_seqr.wb_conmax_virtual_sequence.sequence0] Starting Sequence sequence_0 
UVM_INFO ../../common/wb_master.sv(164) @ 945000: uvm_test_top.env.master_agent[04].mast_drv [wb_env_DRIVER] Starting transaction...
UVM_INFO ../../common/wb_master.sv(242) @ 955000: uvm_test_top.env.master_agent[04].mast_drv [Wb master] Got a write transaction
UVM_INFO ../../common/wb_slave.sv(158) @ 976000: uvm_test_top.env.slave_agent[00].slv_drv [uvm_test_top.env.slave_agent[00].slv_drv] responding in this cycle
UVM_INFO ../../common/wb_slave_mon.sv(141) @ 976000: uvm_test_top.env.slave_agent[00].slv_mon [WB slave Monitor] got a write transaction  from Master 
UVM_INFO ../../common/wb_slave.sv(198) @ 1005000: uvm_test_top.env.slave_agent[00].slv_drv [SLAVE_DRIVER] Completed transaction...
UVM_INFO @ 1005000: uvm_test_top.env.Scoreboard.comparator          0 [Comparator Match] 
UVM_INFO ../../common/wb_master.sv(192) @ 1015000: uvm_test_top.env.master_agent[04].mast_drv [wb_env_DRIVER] Completed transaction...
UVM_INFO ../../common/wb_master.sv(164) @ 1015000: uvm_test_top.env.master_agent[04].mast_drv [wb_env_DRIVER] Starting transaction...
UVM_INFO ../../common/wb_master.sv(202) @ 1025000: uvm_test_top.env.master_agent[04].mast_drv [Wb master] Got a read transaction
UVM_INFO ../../common/wb_slave.sv(158) @ 1046000: uvm_test_top.env.slave_agent[00].slv_drv [uvm_test_top.env.slave_agent[00].slv_drv] responding in this cycle
UVM_INFO ../../common/wb_slave_mon.sv(151) @ 1046000: uvm_test_top.env.slave_agent[00].slv_mon [Wb_slave Monitor] got a read transaction  
UVM_INFO ../../common/wb_slave.sv(198) @ 1075000: uvm_test_top.env.slave_agent[00].slv_drv [SLAVE_DRIVER] Completed transaction...
UVM_INFO @ 1075000: uvm_test_top.env.Scoreboard.comparator          0 [Comparator Match] 
UVM_INFO ../../common/wb_master.sv(192) @ 1085000: uvm_test_top.env.master_agent[04].mast_drv [wb_env_DRIVER] Completed transaction...
UVM_INFO ../src/wb_conmax_virtual_sequence.sv(46) @ 1085000: uvm_test_top.env.wb_conmax_virt_seqr@@wb_conmax_virtual_sequence [VIRT_SEQQ] Starting Virtual Sequence: PART 5
UVM_INFO ../src/wb_master_agent_sequence_library.sv(67) @ 1085000: uvm_test_top.env.master_agent[05].mast_sqr@@wb_conmax_virtual_sequence.sequence0 [uvm_test_top.env.wb_conmax_virt_seqr.wb_conmax_virtual_sequence.sequence0] Starting Sequence sequence_0 
UVM_INFO ../../common/wb_master.sv(164) @ 1085000: uvm_test_top.env.master_agent[05].mast_drv [wb_env_DRIVER] Starting transaction...
UVM_INFO ../../common/wb_master.sv(242) @ 1095000: uvm_test_top.env.master_agent[05].mast_drv [Wb master] Got a write transaction
UVM_INFO ../../common/wb_slave.sv(158) @ 1116000: uvm_test_top.env.slave_agent[00].slv_drv [uvm_test_top.env.slave_agent[00].slv_drv] responding in this cycle
UVM_INFO ../../common/wb_slave_mon.sv(141) @ 1116000: uvm_test_top.env.slave_agent[00].slv_mon [WB slave Monitor] got a write transaction  from Master 
UVM_INFO ../../common/wb_slave.sv(198) @ 1145000: uvm_test_top.env.slave_agent[00].slv_drv [SLAVE_DRIVER] Completed transaction...
UVM_INFO @ 1145000: uvm_test_top.env.Scoreboard.comparator          0 [Comparator Match] 
UVM_INFO ../../common/wb_master.sv(192) @ 1155000: uvm_test_top.env.master_agent[05].mast_drv [wb_env_DRIVER] Completed transaction...
UVM_INFO ../../common/wb_master.sv(164) @ 1155000: uvm_test_top.env.master_agent[05].mast_drv [wb_env_DRIVER] Starting transaction...
UVM_INFO ../../common/wb_master.sv(202) @ 1165000: uvm_test_top.env.master_agent[05].mast_drv [Wb master] Got a read transaction
UVM_INFO ../../common/wb_slave.sv(158) @ 1186000: uvm_test_top.env.slave_agent[00].slv_drv [uvm_test_top.env.slave_agent[00].slv_drv] responding in this cycle
UVM_INFO ../../common/wb_slave_mon.sv(151) @ 1186000: uvm_test_top.env.slave_agent[00].slv_mon [Wb_slave Monitor] got a read transaction  
UVM_INFO ../../common/wb_slave.sv(198) @ 1215000: uvm_test_top.env.slave_agent[00].slv_drv [SLAVE_DRIVER] Completed transaction...
UVM_INFO @ 1215000: uvm_test_top.env.Scoreboard.comparator          0 [Comparator Match] 
UVM_INFO ../../common/wb_master.sv(192) @ 1225000: uvm_test_top.env.master_agent[05].mast_drv [wb_env_DRIVER] Completed transaction...
UVM_INFO ../src/wb_conmax_virtual_sequence.sv(48) @ 1225000: uvm_test_top.env.wb_conmax_virt_seqr@@wb_conmax_virtual_sequence [VIRT_SEQQ] Starting Virtual Sequence: PART 6
UVM_INFO ../src/wb_master_agent_sequence_library.sv(67) @ 1225000: uvm_test_top.env.master_agent[06].mast_sqr@@wb_conmax_virtual_sequence.sequence0 [uvm_test_top.env.wb_conmax_virt_seqr.wb_conmax_virtual_sequence.sequence0] Starting Sequence sequence_0 
UVM_INFO ../../common/wb_master.sv(164) @ 1225000: uvm_test_top.env.master_agent[06].mast_drv [wb_env_DRIVER] Starting transaction...
UVM_INFO ../../common/wb_master.sv(242) @ 1235000: uvm_test_top.env.master_agent[06].mast_drv [Wb master] Got a write transaction
UVM_INFO ../../common/wb_slave.sv(158) @ 1256000: uvm_test_top.env.slave_agent[00].slv_drv [uvm_test_top.env.slave_agent[00].slv_drv] responding in this cycle
UVM_INFO ../../common/wb_slave_mon.sv(141) @ 1256000: uvm_test_top.env.slave_agent[00].slv_mon [WB slave Monitor] got a write transaction  from Master 
UVM_INFO ../../common/wb_slave.sv(198) @ 1285000: uvm_test_top.env.slave_agent[00].slv_drv [SLAVE_DRIVER] Completed transaction...
UVM_INFO @ 1285000: uvm_test_top.env.Scoreboard.comparator          0 [Comparator Match] 
UVM_INFO ../../common/wb_master.sv(192) @ 1295000: uvm_test_top.env.master_agent[06].mast_drv [wb_env_DRIVER] Completed transaction...
UVM_INFO ../../common/wb_master.sv(164) @ 1295000: uvm_test_top.env.master_agent[06].mast_drv [wb_env_DRIVER] Starting transaction...
UVM_INFO ../../common/wb_master.sv(202) @ 1305000: uvm_test_top.env.master_agent[06].mast_drv [Wb master] Got a read transaction
UVM_INFO ../../common/wb_slave.sv(158) @ 1326000: uvm_test_top.env.slave_agent[00].slv_drv [uvm_test_top.env.slave_agent[00].slv_drv] responding in this cycle
UVM_INFO ../../common/wb_slave_mon.sv(151) @ 1326000: uvm_test_top.env.slave_agent[00].slv_mon [Wb_slave Monitor] got a read transaction  
UVM_INFO ../../common/wb_slave.sv(198) @ 1355000: uvm_test_top.env.slave_agent[00].slv_drv [SLAVE_DRIVER] Completed transaction...
UVM_INFO @ 1355000: uvm_test_top.env.Scoreboard.comparator          0 [Comparator Match] 
UVM_INFO ../../common/wb_master.sv(192) @ 1365000: uvm_test_top.env.master_agent[06].mast_drv [wb_env_DRIVER] Completed transaction...
UVM_INFO ../src/wb_conmax_virtual_sequence.sv(50) @ 1365000: uvm_test_top.env.wb_conmax_virt_seqr@@wb_conmax_virtual_sequence [VIRT_SEQQ] Starting Virtual Sequence: PART 7
UVM_INFO ../src/wb_master_agent_sequence_library.sv(67) @ 1365000: uvm_test_top.env.master_agent[07].mast_sqr@@wb_conmax_virtual_sequence.sequence0 [uvm_test_top.env.wb_conmax_virt_seqr.wb_conmax_virtual_sequence.sequence0] Starting Sequence sequence_0 
UVM_INFO ../../common/wb_master.sv(164) @ 1365000: uvm_test_top.env.master_agent[07].mast_drv [wb_env_DRIVER] Starting transaction...
UVM_INFO ../../common/wb_master.sv(242) @ 1375000: uvm_test_top.env.master_agent[07].mast_drv [Wb master] Got a write transaction
UVM_INFO ../../common/wb_slave.sv(158) @ 1396000: uvm_test_top.env.slave_agent[00].slv_drv [uvm_test_top.env.slave_agent[00].slv_drv] responding in this cycle
UVM_INFO ../../common/wb_slave_mon.sv(141) @ 1396000: uvm_test_top.env.slave_agent[00].slv_mon [WB slave Monitor] got a write transaction  from Master 
UVM_INFO ../../common/wb_slave.sv(198) @ 1425000: uvm_test_top.env.slave_agent[00].slv_drv [SLAVE_DRIVER] Completed transaction...
UVM_INFO @ 1425000: uvm_test_top.env.Scoreboard.comparator          0 [Comparator Match] 
UVM_INFO ../../common/wb_master.sv(192) @ 1435000: uvm_test_top.env.master_agent[07].mast_drv [wb_env_DRIVER] Completed transaction...
UVM_INFO ../../common/wb_master.sv(164) @ 1435000: uvm_test_top.env.master_agent[07].mast_drv [wb_env_DRIVER] Starting transaction...
UVM_INFO ../../common/wb_master.sv(202) @ 1445000: uvm_test_top.env.master_agent[07].mast_drv [Wb master] Got a read transaction
UVM_INFO ../../common/wb_slave.sv(158) @ 1466000: uvm_test_top.env.slave_agent[00].slv_drv [uvm_test_top.env.slave_agent[00].slv_drv] responding in this cycle
UVM_INFO ../../common/wb_slave_mon.sv(151) @ 1466000: uvm_test_top.env.slave_agent[00].slv_mon [Wb_slave Monitor] got a read transaction  
UVM_INFO ../../common/wb_slave.sv(198) @ 1495000: uvm_test_top.env.slave_agent[00].slv_drv [SLAVE_DRIVER] Completed transaction...
UVM_INFO @ 1495000: uvm_test_top.env.Scoreboard.comparator          0 [Comparator Match] 
UVM_INFO ../../common/wb_master.sv(192) @ 1505000: uvm_test_top.env.master_agent[07].mast_drv [wb_env_DRIVER] Completed transaction...
UVM_INFO ../src/wb_conmax_scoreboard.sv(108) @ 1505000: uvm_test_top.env.Scoreboard [Scoreboard Report] Comparator[0] Matches = 19, Mismatches = 0
UVM_INFO ../src/wb_conmax_scoreboard.sv(108) @ 1505000: uvm_test_top.env.Scoreboard [Scoreboard Report] Comparator[1] Matches = 0, Mismatches = 0
UVM_INFO ../src/wb_conmax_scoreboard.sv(108) @ 1505000: uvm_test_top.env.Scoreboard [Scoreboard Report] Comparator[2] Matches = 0, Mismatches = 0
UVM_INFO ../src/wb_conmax_scoreboard.sv(108) @ 1505000: uvm_test_top.env.Scoreboard [Scoreboard Report] Comparator[3] Matches = 0, Mismatches = 0
UVM_INFO ../src/wb_conmax_scoreboard.sv(108) @ 1505000: uvm_test_top.env.Scoreboard [Scoreboard Report] Comparator[4] Matches = 0, Mismatches = 0
UVM_INFO ../src/wb_conmax_scoreboard.sv(108) @ 1505000: uvm_test_top.env.Scoreboard [Scoreboard Report] Comparator[5] Matches = 0, Mismatches = 0
UVM_INFO ../src/wb_conmax_scoreboard.sv(108) @ 1505000: uvm_test_top.env.Scoreboard [Scoreboard Report] Comparator[6] Matches = 0, Mismatches = 0
UVM_INFO ../src/wb_conmax_scoreboard.sv(108) @ 1505000: uvm_test_top.env.Scoreboard [Scoreboard Report] Comparator[7] Matches = 0, Mismatches = 0
UVM_INFO ../src/wb_conmax_scoreboard.sv(108) @ 1505000: uvm_test_top.env.Scoreboard [Scoreboard Report] Comparator[8] Matches = 0, Mismatches = 0
UVM_INFO ../src/wb_conmax_scoreboard.sv(108) @ 1505000: uvm_test_top.env.Scoreboard [Scoreboard Report] Comparator[9] Matches = 0, Mismatches = 0
UVM_INFO ../src/wb_conmax_scoreboard.sv(108) @ 1505000: uvm_test_top.env.Scoreboard [Scoreboard Report] Comparator[10] Matches = 0, Mismatches = 0
UVM_INFO ../src/wb_conmax_scoreboard.sv(108) @ 1505000: uvm_test_top.env.Scoreboard [Scoreboard Report] Comparator[11] Matches = 0, Mismatches = 0
UVM_INFO ../src/wb_conmax_scoreboard.sv(108) @ 1505000: uvm_test_top.env.Scoreboard [Scoreboard Report] Comparator[12] Matches = 0, Mismatches = 0
UVM_INFO ../src/wb_conmax_scoreboard.sv(108) @ 1505000: uvm_test_top.env.Scoreboard [Scoreboard Report] Comparator[13] Matches = 0, Mismatches = 0
UVM_INFO ../src/wb_conmax_scoreboard.sv(108) @ 1505000: uvm_test_top.env.Scoreboard [Scoreboard Report] Comparator[14] Matches = 0, Mismatches = 0
UVM_INFO ../src/wb_conmax_scoreboard.sv(108) @ 1505000: uvm_test_top.env.Scoreboard [Scoreboard Report] Comparator[15] Matches = 0, Mismatches = 0


 Thank you for using examples from the book Practical UVM. Book ISBN 0997789603 on www.amazon.com

 


 Thank you for using examples from the book Practical UVM. Book ISBN 0997789603 on www.amazon.com

 


 Thank you for using examples from the book Practical UVM. Book ISBN 0997789603 on www.amazon.com

 


 Thank you for using examples from the book Practical UVM. Book ISBN 0997789603 on www.amazon.com

 


 Thank you for using examples from the book Practical UVM. Book ISBN 0997789603 on www.amazon.com

 


 Thank you for using examples from the book Practical UVM. Book ISBN 0997789603 on www.amazon.com

 


 Thank you for using examples from the book Practical UVM. Book ISBN 0997789603 on www.amazon.com

 


 Thank you for using examples from the book Practical UVM. Book ISBN 0997789603 on www.amazon.com

 
UVM_INFO /global/apps3/vcs_2016.06-SP1/etc/uvm-1.2/base/uvm_report_catcher.svh(705) @ 1505000: reporter [UVM/REPORT/CATCHER] 
--- UVM Report catcher Summary ---


Number of demoted UVM_FATAL reports  :    0
Number of demoted UVM_ERROR reports  :    0
Number of demoted UVM_WARNING reports:    0
Number of caught UVM_FATAL reports   :    0
Number of caught UVM_ERROR reports   :    0
Number of caught UVM_WARNING reports :    0

UVM_INFO /global/apps3/vcs_2016.06-SP1/etc/uvm-1.2/base/uvm_report_server.svh(894) @ 1505000: reporter [UVM/REPORT/SERVER] 
--- UVM Report Summary ---

** Report counts by severity
UVM_INFO :  179
UVM_WARNING :    0
UVM_ERROR :    0
UVM_FATAL :    0
** Report counts by id
[Comparator Match]    19
[RNTST]     1
[SLAVE_DRIVER]    19
[Scoreboard Report]    16
[UVM/CONFIGDB/SPELLCHK]     9
[UVM/RELNOTES]     1
[UVM/REPORT/CATCHER]     1
[UVM_VIRTUAL_SEQUENCER]     1
[VIRT_SEQQ]     8
[WB slave Monitor]    10
[Wb master]    19
[Wb_slave Monitor]     9
[uvm_test_top]     1
[uvm_test_top.env.slave_agent[00].slv_drv]    19
[uvm_test_top.env.wb_conmax_virt_seqr.wb_conmax_virtual_sequence.sequence0]     7
[uvm_test_top.env.wb_conmax_virt_seqr.wb_conmax_virtual_sequence.sequence1]     1
[wb_env_DRIVER]    38

$finish called from file "/global/apps3/vcs_2016.06-SP1/etc/uvm-1.2/base/uvm_root.svh", line 527.
$finish at simulation time              1505000
           V C S   S i m u l a t i o n   R e p o r t 
Time: 1505000 ps
CPU Time:      0.980 seconds;       Data structure size:   0.9Mb
Fri Dec  2 22:17:58 2016
