Command: vcs -sverilog -l vcs.log -ntb_opts uvm-1.1 +incdir+../include+../src+../env+../tests+../hdl+../../../../rtl/spi_ctrl+../../common \
-debug_all ../tests/wb_spi_env_tb_mod.sv ../hdl/wb_spi_env_top.sv -f ../../../../rtl/spi_ctrl/filelist \
-sverilog -timescale=1ns/1ps
                         Chronologic VCS (TM)
      Version K-2015.09-SP2-1_Full64 -- Wed Jul 20 23:33:31 2016
               Copyright (c) 1991-2015 by Synopsys Inc.
                         ALL RIGHTS RESERVED

This program is proprietary and confidential information of Synopsys Inc.
and may be used and disclosed only as authorized in a license agreement
controlling such use and disclosure.

Parsing design file '/slowfs/vgzebucae15/Xpliant/pradeep/tools/160502/vcs-mx_vK-2015.09-SP2-1/etc/uvm-1.1/uvm_pkg.sv'
Parsing included file '/slowfs/vgzebucae15/Xpliant/pradeep/tools/160502/vcs-mx_vK-2015.09-SP2-1/etc/uvm-1.1/uvm_macros.svh'.
Parsing included file '/slowfs/vgzebucae15/Xpliant/pradeep/tools/160502/vcs-mx_vK-2015.09-SP2-1/etc/uvm-1.1/macros/uvm_version_defines.svh'.
Back to file '/slowfs/vgzebucae15/Xpliant/pradeep/tools/160502/vcs-mx_vK-2015.09-SP2-1/etc/uvm-1.1/uvm_macros.svh'.
Parsing included file '/slowfs/vgzebucae15/Xpliant/pradeep/tools/160502/vcs-mx_vK-2015.09-SP2-1/etc/uvm-1.1/macros/uvm_message_defines.svh'.
Back to file '/slowfs/vgzebucae15/Xpliant/pradeep/tools/160502/vcs-mx_vK-2015.09-SP2-1/etc/uvm-1.1/uvm_macros.svh'.
Parsing included file '/slowfs/vgzebucae15/Xpliant/pradeep/tools/160502/vcs-mx_vK-2015.09-SP2-1/etc/uvm-1.1/macros/uvm_phase_defines.svh'.
Back to file '/slowfs/vgzebucae15/Xpliant/pradeep/tools/160502/vcs-mx_vK-2015.09-SP2-1/etc/uvm-1.1/uvm_macros.svh'.
Parsing included file '/slowfs/vgzebucae15/Xpliant/pradeep/tools/160502/vcs-mx_vK-2015.09-SP2-1/etc/uvm-1.1/macros/uvm_object_defines.svh'.
Back to file '/slowfs/vgzebucae15/Xpliant/pradeep/tools/160502/vcs-mx_vK-2015.09-SP2-1/etc/uvm-1.1/uvm_macros.svh'.
Parsing included file '/slowfs/vgzebucae15/Xpliant/pradeep/tools/160502/vcs-mx_vK-2015.09-SP2-1/etc/uvm-1.1/macros/uvm_printer_defines.svh'.
Back to file '/slowfs/vgzebucae15/Xpliant/pradeep/tools/160502/vcs-mx_vK-2015.09-SP2-1/etc/uvm-1.1/uvm_macros.svh'.
Parsing included file '/slowfs/vgzebucae15/Xpliant/pradeep/tools/160502/vcs-mx_vK-2015.09-SP2-1/etc/uvm-1.1/macros/uvm_tlm_defines.svh'.
Parsing included file '/slowfs/vgzebucae15/Xpliant/pradeep/tools/160502/vcs-mx_vK-2015.09-SP2-1/etc/uvm-1.1/tlm1/uvm_tlm_imps.svh'.
Back to file '/slowfs/vgzebucae15/Xpliant/pradeep/tools/160502/vcs-mx_vK-2015.09-SP2-1/etc/uvm-1.1/macros/uvm_tlm_defines.svh'.
Back to file '/slowfs/vgzebucae15/Xpliant/pradeep/tools/160502/vcs-mx_vK-2015.09-SP2-1/etc/uvm-1.1/uvm_macros.svh'.
Parsing included file '/slowfs/vgzebucae15/Xpliant/pradeep/tools/160502/vcs-mx_vK-2015.09-SP2-1/etc/uvm-1.1/macros/uvm_sequence_defines.svh'.
Back to file '/slowfs/vgzebucae15/Xpliant/pradeep/tools/160502/vcs-mx_vK-2015.09-SP2-1/etc/uvm-1.1/uvm_macros.svh'.
Parsing included file '/slowfs/vgzebucae15/Xpliant/pradeep/tools/160502/vcs-mx_vK-2015.09-SP2-1/etc/uvm-1.1/macros/uvm_callback_defines.svh'.
Back to file '/slowfs/vgzebucae15/Xpliant/pradeep/tools/160502/vcs-mx_vK-2015.09-SP2-1/etc/uvm-1.1/uvm_macros.svh'.
Parsing included file '/slowfs/vgzebucae15/Xpliant/pradeep/tools/160502/vcs-mx_vK-2015.09-SP2-1/etc/uvm-1.1/macros/uvm_reg_defines.svh'.
Back to file '/slowfs/vgzebucae15/Xpliant/pradeep/tools/160502/vcs-mx_vK-2015.09-SP2-1/etc/uvm-1.1/uvm_macros.svh'.
Parsing included file '/slowfs/vgzebucae15/Xpliant/pradeep/tools/160502/vcs-mx_vK-2015.09-SP2-1/etc/uvm-1.1/macros/uvm_deprecated_defines.svh'.
Back to file '/slowfs/vgzebucae15/Xpliant/pradeep/tools/160502/vcs-mx_vK-2015.09-SP2-1/etc/uvm-1.1/uvm_macros.svh'.
Back to file '/slowfs/vgzebucae15/Xpliant/pradeep/tools/160502/vcs-mx_vK-2015.09-SP2-1/etc/uvm-1.1/uvm_pkg.sv'.
Parsing included file '/slowfs/vgzebucae15/Xpliant/pradeep/tools/160502/vcs-mx_vK-2015.09-SP2-1/etc/uvm-1.1/directc/uvm_directc.svh'.
Parsing included file '/slowfs/vgzebucae15/Xpliant/pradeep/tools/160502/vcs-mx_vK-2015.09-SP2-1/etc/uvm-1.1/directc/uvm_seed.vh'.
Back to file '/slowfs/vgzebucae15/Xpliant/pradeep/tools/160502/vcs-mx_vK-2015.09-SP2-1/etc/uvm-1.1/directc/uvm_directc.svh'.
Back to file '/slowfs/vgzebucae15/Xpliant/pradeep/tools/160502/vcs-mx_vK-2015.09-SP2-1/etc/uvm-1.1/uvm_pkg.sv'.
Parsing included file '/slowfs/vgzebucae15/Xpliant/pradeep/tools/160502/vcs-mx_vK-2015.09-SP2-1/etc/uvm-1.1/dpi/uvm_dpi.svh'.
Parsing included file '/slowfs/vgzebucae15/Xpliant/pradeep/tools/160502/vcs-mx_vK-2015.09-SP2-1/etc/uvm-1.1/dpi/uvm_hdl.svh'.
Back to file '/slowfs/vgzebucae15/Xpliant/pradeep/tools/160502/vcs-mx_vK-2015.09-SP2-1/etc/uvm-1.1/dpi/uvm_dpi.svh'.
Parsing included file '/slowfs/vgzebucae15/Xpliant/pradeep/tools/160502/vcs-mx_vK-2015.09-SP2-1/etc/uvm-1.1/dpi/uvm_svcmd_dpi.svh'.
Back to file '/slowfs/vgzebucae15/Xpliant/pradeep/tools/160502/vcs-mx_vK-2015.09-SP2-1/etc/uvm-1.1/dpi/uvm_dpi.svh'.
Parsing included file '/slowfs/vgzebucae15/Xpliant/pradeep/tools/160502/vcs-mx_vK-2015.09-SP2-1/etc/uvm-1.1/dpi/uvm_regex.svh'.
Back to file '/slowfs/vgzebucae15/Xpliant/pradeep/tools/160502/vcs-mx_vK-2015.09-SP2-1/etc/uvm-1.1/dpi/uvm_dpi.svh'.
Back to file '/slowfs/vgzebucae15/Xpliant/pradeep/tools/160502/vcs-mx_vK-2015.09-SP2-1/etc/uvm-1.1/uvm_pkg.sv'.
Parsing included file '/slowfs/vgzebucae15/Xpliant/pradeep/tools/160502/vcs-mx_vK-2015.09-SP2-1/etc/uvm-1.1/base/uvm_base.svh'.
Parsing included file '/slowfs/vgzebucae15/Xpliant/pradeep/tools/160502/vcs-mx_vK-2015.09-SP2-1/etc/uvm-1.1/base/uvm_version.svh'.
Back to file '/slowfs/vgzebucae15/Xpliant/pradeep/tools/160502/vcs-mx_vK-2015.09-SP2-1/etc/uvm-1.1/base/uvm_base.svh'.
Parsing included file '/slowfs/vgzebucae15/Xpliant/pradeep/tools/160502/vcs-mx_vK-2015.09-SP2-1/etc/uvm-1.1/base/uvm_object_globals.svh'.
Back to file '/slowfs/vgzebucae15/Xpliant/pradeep/tools/160502/vcs-mx_vK-2015.09-SP2-1/etc/uvm-1.1/base/uvm_base.svh'.
Parsing included file '/slowfs/vgzebucae15/Xpliant/pradeep/tools/160502/vcs-mx_vK-2015.09-SP2-1/etc/uvm-1.1/base/uvm_misc.svh'.
Back to file '/slowfs/vgzebucae15/Xpliant/pradeep/tools/160502/vcs-mx_vK-2015.09-SP2-1/etc/uvm-1.1/base/uvm_base.svh'.
Parsing included file '/slowfs/vgzebucae15/Xpliant/pradeep/tools/160502/vcs-mx_vK-2015.09-SP2-1/etc/uvm-1.1/base/uvm_object.svh'.
Back to file '/slowfs/vgzebucae15/Xpliant/pradeep/tools/160502/vcs-mx_vK-2015.09-SP2-1/etc/uvm-1.1/base/uvm_base.svh'.
Parsing included file '/slowfs/vgzebucae15/Xpliant/pradeep/tools/160502/vcs-mx_vK-2015.09-SP2-1/etc/uvm-1.1/base/uvm_pool.svh'.
Back to file '/slowfs/vgzebucae15/Xpliant/pradeep/tools/160502/vcs-mx_vK-2015.09-SP2-1/etc/uvm-1.1/base/uvm_base.svh'.
Parsing included file '/slowfs/vgzebucae15/Xpliant/pradeep/tools/160502/vcs-mx_vK-2015.09-SP2-1/etc/uvm-1.1/base/uvm_queue.svh'.
Back to file '/slowfs/vgzebucae15/Xpliant/pradeep/tools/160502/vcs-mx_vK-2015.09-SP2-1/etc/uvm-1.1/base/uvm_base.svh'.
Parsing included file '/slowfs/vgzebucae15/Xpliant/pradeep/tools/160502/vcs-mx_vK-2015.09-SP2-1/etc/uvm-1.1/base/uvm_factory.svh'.
Back to file '/slowfs/vgzebucae15/Xpliant/pradeep/tools/160502/vcs-mx_vK-2015.09-SP2-1/etc/uvm-1.1/base/uvm_base.svh'.
Parsing included file '/slowfs/vgzebucae15/Xpliant/pradeep/tools/160502/vcs-mx_vK-2015.09-SP2-1/etc/uvm-1.1/base/uvm_registry.svh'.
Back to file '/slowfs/vgzebucae15/Xpliant/pradeep/tools/160502/vcs-mx_vK-2015.09-SP2-1/etc/uvm-1.1/base/uvm_base.svh'.
Parsing included file '/slowfs/vgzebucae15/Xpliant/pradeep/tools/160502/vcs-mx_vK-2015.09-SP2-1/etc/uvm-1.1/base/uvm_spell_chkr.svh'.
Back to file '/slowfs/vgzebucae15/Xpliant/pradeep/tools/160502/vcs-mx_vK-2015.09-SP2-1/etc/uvm-1.1/base/uvm_base.svh'.
Parsing included file '/slowfs/vgzebucae15/Xpliant/pradeep/tools/160502/vcs-mx_vK-2015.09-SP2-1/etc/uvm-1.1/base/uvm_resource.svh'.
Back to file '/slowfs/vgzebucae15/Xpliant/pradeep/tools/160502/vcs-mx_vK-2015.09-SP2-1/etc/uvm-1.1/base/uvm_base.svh'.
Parsing included file '/slowfs/vgzebucae15/Xpliant/pradeep/tools/160502/vcs-mx_vK-2015.09-SP2-1/etc/uvm-1.1/deprecated/uvm_resource_converter.svh'.
Back to file '/slowfs/vgzebucae15/Xpliant/pradeep/tools/160502/vcs-mx_vK-2015.09-SP2-1/etc/uvm-1.1/base/uvm_base.svh'.
Parsing included file '/slowfs/vgzebucae15/Xpliant/pradeep/tools/160502/vcs-mx_vK-2015.09-SP2-1/etc/uvm-1.1/base/uvm_resource_specializations.svh'.
Back to file '/slowfs/vgzebucae15/Xpliant/pradeep/tools/160502/vcs-mx_vK-2015.09-SP2-1/etc/uvm-1.1/base/uvm_base.svh'.
Parsing included file '/slowfs/vgzebucae15/Xpliant/pradeep/tools/160502/vcs-mx_vK-2015.09-SP2-1/etc/uvm-1.1/base/uvm_resource_db.svh'.
Back to file '/slowfs/vgzebucae15/Xpliant/pradeep/tools/160502/vcs-mx_vK-2015.09-SP2-1/etc/uvm-1.1/base/uvm_base.svh'.
Parsing included file '/slowfs/vgzebucae15/Xpliant/pradeep/tools/160502/vcs-mx_vK-2015.09-SP2-1/etc/uvm-1.1/base/uvm_config_db.svh'.
Back to file '/slowfs/vgzebucae15/Xpliant/pradeep/tools/160502/vcs-mx_vK-2015.09-SP2-1/etc/uvm-1.1/base/uvm_base.svh'.
Parsing included file '/slowfs/vgzebucae15/Xpliant/pradeep/tools/160502/vcs-mx_vK-2015.09-SP2-1/etc/uvm-1.1/base/uvm_printer.svh'.
Back to file '/slowfs/vgzebucae15/Xpliant/pradeep/tools/160502/vcs-mx_vK-2015.09-SP2-1/etc/uvm-1.1/base/uvm_base.svh'.
Parsing included file '/slowfs/vgzebucae15/Xpliant/pradeep/tools/160502/vcs-mx_vK-2015.09-SP2-1/etc/uvm-1.1/base/uvm_comparer.svh'.
Back to file '/slowfs/vgzebucae15/Xpliant/pradeep/tools/160502/vcs-mx_vK-2015.09-SP2-1/etc/uvm-1.1/base/uvm_base.svh'.
Parsing included file '/slowfs/vgzebucae15/Xpliant/pradeep/tools/160502/vcs-mx_vK-2015.09-SP2-1/etc/uvm-1.1/base/uvm_packer.svh'.
Back to file '/slowfs/vgzebucae15/Xpliant/pradeep/tools/160502/vcs-mx_vK-2015.09-SP2-1/etc/uvm-1.1/base/uvm_base.svh'.
Parsing included file '/slowfs/vgzebucae15/Xpliant/pradeep/tools/160502/vcs-mx_vK-2015.09-SP2-1/etc/uvm-1.1/base/uvm_recorder.svh'.
Back to file '/slowfs/vgzebucae15/Xpliant/pradeep/tools/160502/vcs-mx_vK-2015.09-SP2-1/etc/uvm-1.1/base/uvm_base.svh'.
Parsing included file '/slowfs/vgzebucae15/Xpliant/pradeep/tools/160502/vcs-mx_vK-2015.09-SP2-1/etc/uvm-1.1/base/uvm_event_callback.svh'.
Back to file '/slowfs/vgzebucae15/Xpliant/pradeep/tools/160502/vcs-mx_vK-2015.09-SP2-1/etc/uvm-1.1/base/uvm_base.svh'.
Parsing included file '/slowfs/vgzebucae15/Xpliant/pradeep/tools/160502/vcs-mx_vK-2015.09-SP2-1/etc/uvm-1.1/base/uvm_event.svh'.
Back to file '/slowfs/vgzebucae15/Xpliant/pradeep/tools/160502/vcs-mx_vK-2015.09-SP2-1/etc/uvm-1.1/base/uvm_base.svh'.
Parsing included file '/slowfs/vgzebucae15/Xpliant/pradeep/tools/160502/vcs-mx_vK-2015.09-SP2-1/etc/uvm-1.1/base/uvm_barrier.svh'.
Back to file '/slowfs/vgzebucae15/Xpliant/pradeep/tools/160502/vcs-mx_vK-2015.09-SP2-1/etc/uvm-1.1/base/uvm_base.svh'.
Parsing included file '/slowfs/vgzebucae15/Xpliant/pradeep/tools/160502/vcs-mx_vK-2015.09-SP2-1/etc/uvm-1.1/base/uvm_callback.svh'.
Parsing included file '/slowfs/vgzebucae15/Xpliant/pradeep/tools/160502/vcs-mx_vK-2015.09-SP2-1/etc/uvm-1.1/uvm_macros.svh'.
Back to file '/slowfs/vgzebucae15/Xpliant/pradeep/tools/160502/vcs-mx_vK-2015.09-SP2-1/etc/uvm-1.1/base/uvm_callback.svh'.
Back to file '/slowfs/vgzebucae15/Xpliant/pradeep/tools/160502/vcs-mx_vK-2015.09-SP2-1/etc/uvm-1.1/base/uvm_base.svh'.
Parsing included file '/slowfs/vgzebucae15/Xpliant/pradeep/tools/160502/vcs-mx_vK-2015.09-SP2-1/etc/uvm-1.1/base/uvm_report_catcher.svh'.
Back to file '/slowfs/vgzebucae15/Xpliant/pradeep/tools/160502/vcs-mx_vK-2015.09-SP2-1/etc/uvm-1.1/base/uvm_base.svh'.
Parsing included file '/slowfs/vgzebucae15/Xpliant/pradeep/tools/160502/vcs-mx_vK-2015.09-SP2-1/etc/uvm-1.1/base/uvm_report_server.svh'.
Back to file '/slowfs/vgzebucae15/Xpliant/pradeep/tools/160502/vcs-mx_vK-2015.09-SP2-1/etc/uvm-1.1/base/uvm_base.svh'.
Parsing included file '/slowfs/vgzebucae15/Xpliant/pradeep/tools/160502/vcs-mx_vK-2015.09-SP2-1/etc/uvm-1.1/base/uvm_report_handler.svh'.
Back to file '/slowfs/vgzebucae15/Xpliant/pradeep/tools/160502/vcs-mx_vK-2015.09-SP2-1/etc/uvm-1.1/base/uvm_base.svh'.
Parsing included file '/slowfs/vgzebucae15/Xpliant/pradeep/tools/160502/vcs-mx_vK-2015.09-SP2-1/etc/uvm-1.1/base/uvm_report_object.svh'.
Back to file '/slowfs/vgzebucae15/Xpliant/pradeep/tools/160502/vcs-mx_vK-2015.09-SP2-1/etc/uvm-1.1/base/uvm_base.svh'.
Parsing included file '/slowfs/vgzebucae15/Xpliant/pradeep/tools/160502/vcs-mx_vK-2015.09-SP2-1/etc/uvm-1.1/base/uvm_transaction.svh'.
Back to file '/slowfs/vgzebucae15/Xpliant/pradeep/tools/160502/vcs-mx_vK-2015.09-SP2-1/etc/uvm-1.1/base/uvm_base.svh'.
Parsing included file '/slowfs/vgzebucae15/Xpliant/pradeep/tools/160502/vcs-mx_vK-2015.09-SP2-1/etc/uvm-1.1/base/uvm_phase.svh'.
Back to file '/slowfs/vgzebucae15/Xpliant/pradeep/tools/160502/vcs-mx_vK-2015.09-SP2-1/etc/uvm-1.1/base/uvm_base.svh'.
Parsing included file '/slowfs/vgzebucae15/Xpliant/pradeep/tools/160502/vcs-mx_vK-2015.09-SP2-1/etc/uvm-1.1/base/uvm_domain.svh'.
Back to file '/slowfs/vgzebucae15/Xpliant/pradeep/tools/160502/vcs-mx_vK-2015.09-SP2-1/etc/uvm-1.1/base/uvm_base.svh'.
Parsing included file '/slowfs/vgzebucae15/Xpliant/pradeep/tools/160502/vcs-mx_vK-2015.09-SP2-1/etc/uvm-1.1/base/uvm_bottomup_phase.svh'.
Back to file '/slowfs/vgzebucae15/Xpliant/pradeep/tools/160502/vcs-mx_vK-2015.09-SP2-1/etc/uvm-1.1/base/uvm_base.svh'.
Parsing included file '/slowfs/vgzebucae15/Xpliant/pradeep/tools/160502/vcs-mx_vK-2015.09-SP2-1/etc/uvm-1.1/base/uvm_topdown_phase.svh'.
Back to file '/slowfs/vgzebucae15/Xpliant/pradeep/tools/160502/vcs-mx_vK-2015.09-SP2-1/etc/uvm-1.1/base/uvm_base.svh'.
Parsing included file '/slowfs/vgzebucae15/Xpliant/pradeep/tools/160502/vcs-mx_vK-2015.09-SP2-1/etc/uvm-1.1/base/uvm_task_phase.svh'.
Back to file '/slowfs/vgzebucae15/Xpliant/pradeep/tools/160502/vcs-mx_vK-2015.09-SP2-1/etc/uvm-1.1/base/uvm_base.svh'.
Parsing included file '/slowfs/vgzebucae15/Xpliant/pradeep/tools/160502/vcs-mx_vK-2015.09-SP2-1/etc/uvm-1.1/base/uvm_common_phases.svh'.
Back to file '/slowfs/vgzebucae15/Xpliant/pradeep/tools/160502/vcs-mx_vK-2015.09-SP2-1/etc/uvm-1.1/base/uvm_base.svh'.
Parsing included file '/slowfs/vgzebucae15/Xpliant/pradeep/tools/160502/vcs-mx_vK-2015.09-SP2-1/etc/uvm-1.1/base/uvm_runtime_phases.svh'.
Back to file '/slowfs/vgzebucae15/Xpliant/pradeep/tools/160502/vcs-mx_vK-2015.09-SP2-1/etc/uvm-1.1/base/uvm_base.svh'.
Parsing included file '/slowfs/vgzebucae15/Xpliant/pradeep/tools/160502/vcs-mx_vK-2015.09-SP2-1/etc/uvm-1.1/base/uvm_component.svh'.
Parsing included file '/slowfs/vgzebucae15/Xpliant/pradeep/tools/160502/vcs-mx_vK-2015.09-SP2-1/etc/uvm-1.1/base/uvm_root.svh'.
Back to file '/slowfs/vgzebucae15/Xpliant/pradeep/tools/160502/vcs-mx_vK-2015.09-SP2-1/etc/uvm-1.1/base/uvm_component.svh'.
Back to file '/slowfs/vgzebucae15/Xpliant/pradeep/tools/160502/vcs-mx_vK-2015.09-SP2-1/etc/uvm-1.1/base/uvm_base.svh'.
Parsing included file '/slowfs/vgzebucae15/Xpliant/pradeep/tools/160502/vcs-mx_vK-2015.09-SP2-1/etc/uvm-1.1/base/uvm_objection.svh'.
Back to file '/slowfs/vgzebucae15/Xpliant/pradeep/tools/160502/vcs-mx_vK-2015.09-SP2-1/etc/uvm-1.1/base/uvm_base.svh'.
Parsing included file '/slowfs/vgzebucae15/Xpliant/pradeep/tools/160502/vcs-mx_vK-2015.09-SP2-1/etc/uvm-1.1/base/uvm_heartbeat.svh'.
Back to file '/slowfs/vgzebucae15/Xpliant/pradeep/tools/160502/vcs-mx_vK-2015.09-SP2-1/etc/uvm-1.1/base/uvm_base.svh'.
Parsing included file '/slowfs/vgzebucae15/Xpliant/pradeep/tools/160502/vcs-mx_vK-2015.09-SP2-1/etc/uvm-1.1/base/uvm_globals.svh'.
Back to file '/slowfs/vgzebucae15/Xpliant/pradeep/tools/160502/vcs-mx_vK-2015.09-SP2-1/etc/uvm-1.1/base/uvm_base.svh'.
Parsing included file '/slowfs/vgzebucae15/Xpliant/pradeep/tools/160502/vcs-mx_vK-2015.09-SP2-1/etc/uvm-1.1/base/uvm_cmdline_processor.svh'.
Back to file '/slowfs/vgzebucae15/Xpliant/pradeep/tools/160502/vcs-mx_vK-2015.09-SP2-1/etc/uvm-1.1/base/uvm_base.svh'.
Back to file '/slowfs/vgzebucae15/Xpliant/pradeep/tools/160502/vcs-mx_vK-2015.09-SP2-1/etc/uvm-1.1/uvm_pkg.sv'.
Parsing included file '/slowfs/vgzebucae15/Xpliant/pradeep/tools/160502/vcs-mx_vK-2015.09-SP2-1/etc/uvm-1.1/tlm1/uvm_tlm.svh'.
Parsing included file '/slowfs/vgzebucae15/Xpliant/pradeep/tools/160502/vcs-mx_vK-2015.09-SP2-1/etc/uvm-1.1/tlm1/uvm_tlm_ifs.svh'.
Back to file '/slowfs/vgzebucae15/Xpliant/pradeep/tools/160502/vcs-mx_vK-2015.09-SP2-1/etc/uvm-1.1/tlm1/uvm_tlm.svh'.
Parsing included file '/slowfs/vgzebucae15/Xpliant/pradeep/tools/160502/vcs-mx_vK-2015.09-SP2-1/etc/uvm-1.1/tlm1/uvm_sqr_ifs.svh'.
Back to file '/slowfs/vgzebucae15/Xpliant/pradeep/tools/160502/vcs-mx_vK-2015.09-SP2-1/etc/uvm-1.1/tlm1/uvm_tlm.svh'.
Parsing included file '/slowfs/vgzebucae15/Xpliant/pradeep/tools/160502/vcs-mx_vK-2015.09-SP2-1/etc/uvm-1.1/base/uvm_port_base.svh'.
Back to file '/slowfs/vgzebucae15/Xpliant/pradeep/tools/160502/vcs-mx_vK-2015.09-SP2-1/etc/uvm-1.1/tlm1/uvm_tlm.svh'.
Parsing included file '/slowfs/vgzebucae15/Xpliant/pradeep/tools/160502/vcs-mx_vK-2015.09-SP2-1/etc/uvm-1.1/tlm1/uvm_tlm_imps.svh'.
Back to file '/slowfs/vgzebucae15/Xpliant/pradeep/tools/160502/vcs-mx_vK-2015.09-SP2-1/etc/uvm-1.1/tlm1/uvm_tlm.svh'.
Parsing included file '/slowfs/vgzebucae15/Xpliant/pradeep/tools/160502/vcs-mx_vK-2015.09-SP2-1/etc/uvm-1.1/tlm1/uvm_imps.svh'.
Back to file '/slowfs/vgzebucae15/Xpliant/pradeep/tools/160502/vcs-mx_vK-2015.09-SP2-1/etc/uvm-1.1/tlm1/uvm_tlm.svh'.
Parsing included file '/slowfs/vgzebucae15/Xpliant/pradeep/tools/160502/vcs-mx_vK-2015.09-SP2-1/etc/uvm-1.1/tlm1/uvm_ports.svh'.
Back to file '/slowfs/vgzebucae15/Xpliant/pradeep/tools/160502/vcs-mx_vK-2015.09-SP2-1/etc/uvm-1.1/tlm1/uvm_tlm.svh'.
Parsing included file '/slowfs/vgzebucae15/Xpliant/pradeep/tools/160502/vcs-mx_vK-2015.09-SP2-1/etc/uvm-1.1/tlm1/uvm_exports.svh'.
Back to file '/slowfs/vgzebucae15/Xpliant/pradeep/tools/160502/vcs-mx_vK-2015.09-SP2-1/etc/uvm-1.1/tlm1/uvm_tlm.svh'.
Parsing included file '/slowfs/vgzebucae15/Xpliant/pradeep/tools/160502/vcs-mx_vK-2015.09-SP2-1/etc/uvm-1.1/tlm1/uvm_analysis_port.svh'.
Back to file '/slowfs/vgzebucae15/Xpliant/pradeep/tools/160502/vcs-mx_vK-2015.09-SP2-1/etc/uvm-1.1/tlm1/uvm_tlm.svh'.
Parsing included file '/slowfs/vgzebucae15/Xpliant/pradeep/tools/160502/vcs-mx_vK-2015.09-SP2-1/etc/uvm-1.1/tlm1/uvm_tlm_fifo_base.svh'.
Back to file '/slowfs/vgzebucae15/Xpliant/pradeep/tools/160502/vcs-mx_vK-2015.09-SP2-1/etc/uvm-1.1/tlm1/uvm_tlm.svh'.
Parsing included file '/slowfs/vgzebucae15/Xpliant/pradeep/tools/160502/vcs-mx_vK-2015.09-SP2-1/etc/uvm-1.1/tlm1/uvm_tlm_fifos.svh'.
Back to file '/slowfs/vgzebucae15/Xpliant/pradeep/tools/160502/vcs-mx_vK-2015.09-SP2-1/etc/uvm-1.1/tlm1/uvm_tlm.svh'.
Parsing included file '/slowfs/vgzebucae15/Xpliant/pradeep/tools/160502/vcs-mx_vK-2015.09-SP2-1/etc/uvm-1.1/tlm1/uvm_tlm_req_rsp.svh'.
Back to file '/slowfs/vgzebucae15/Xpliant/pradeep/tools/160502/vcs-mx_vK-2015.09-SP2-1/etc/uvm-1.1/tlm1/uvm_tlm.svh'.
Parsing included file '/slowfs/vgzebucae15/Xpliant/pradeep/tools/160502/vcs-mx_vK-2015.09-SP2-1/etc/uvm-1.1/tlm1/uvm_sqr_connections.svh'.
Back to file '/slowfs/vgzebucae15/Xpliant/pradeep/tools/160502/vcs-mx_vK-2015.09-SP2-1/etc/uvm-1.1/tlm1/uvm_tlm.svh'.
Back to file '/slowfs/vgzebucae15/Xpliant/pradeep/tools/160502/vcs-mx_vK-2015.09-SP2-1/etc/uvm-1.1/uvm_pkg.sv'.
Parsing included file '/slowfs/vgzebucae15/Xpliant/pradeep/tools/160502/vcs-mx_vK-2015.09-SP2-1/etc/uvm-1.1/comps/uvm_comps.svh'.
Parsing included file '/slowfs/vgzebucae15/Xpliant/pradeep/tools/160502/vcs-mx_vK-2015.09-SP2-1/etc/uvm-1.1/comps/uvm_pair.svh'.
Back to file '/slowfs/vgzebucae15/Xpliant/pradeep/tools/160502/vcs-mx_vK-2015.09-SP2-1/etc/uvm-1.1/comps/uvm_comps.svh'.
Parsing included file '/slowfs/vgzebucae15/Xpliant/pradeep/tools/160502/vcs-mx_vK-2015.09-SP2-1/etc/uvm-1.1/comps/uvm_policies.svh'.
Back to file '/slowfs/vgzebucae15/Xpliant/pradeep/tools/160502/vcs-mx_vK-2015.09-SP2-1/etc/uvm-1.1/comps/uvm_comps.svh'.
Parsing included file '/slowfs/vgzebucae15/Xpliant/pradeep/tools/160502/vcs-mx_vK-2015.09-SP2-1/etc/uvm-1.1/comps/uvm_in_order_comparator.svh'.
Back to file '/slowfs/vgzebucae15/Xpliant/pradeep/tools/160502/vcs-mx_vK-2015.09-SP2-1/etc/uvm-1.1/comps/uvm_comps.svh'.
Parsing included file '/slowfs/vgzebucae15/Xpliant/pradeep/tools/160502/vcs-mx_vK-2015.09-SP2-1/etc/uvm-1.1/comps/uvm_algorithmic_comparator.svh'.
Back to file '/slowfs/vgzebucae15/Xpliant/pradeep/tools/160502/vcs-mx_vK-2015.09-SP2-1/etc/uvm-1.1/comps/uvm_comps.svh'.
Parsing included file '/slowfs/vgzebucae15/Xpliant/pradeep/tools/160502/vcs-mx_vK-2015.09-SP2-1/etc/uvm-1.1/comps/uvm_random_stimulus.svh'.
Back to file '/slowfs/vgzebucae15/Xpliant/pradeep/tools/160502/vcs-mx_vK-2015.09-SP2-1/etc/uvm-1.1/comps/uvm_comps.svh'.
Parsing included file '/slowfs/vgzebucae15/Xpliant/pradeep/tools/160502/vcs-mx_vK-2015.09-SP2-1/etc/uvm-1.1/comps/uvm_subscriber.svh'.
Back to file '/slowfs/vgzebucae15/Xpliant/pradeep/tools/160502/vcs-mx_vK-2015.09-SP2-1/etc/uvm-1.1/comps/uvm_comps.svh'.
Parsing included file '/slowfs/vgzebucae15/Xpliant/pradeep/tools/160502/vcs-mx_vK-2015.09-SP2-1/etc/uvm-1.1/comps/uvm_monitor.svh'.
Back to file '/slowfs/vgzebucae15/Xpliant/pradeep/tools/160502/vcs-mx_vK-2015.09-SP2-1/etc/uvm-1.1/comps/uvm_comps.svh'.
Parsing included file '/slowfs/vgzebucae15/Xpliant/pradeep/tools/160502/vcs-mx_vK-2015.09-SP2-1/etc/uvm-1.1/comps/uvm_driver.svh'.
Back to file '/slowfs/vgzebucae15/Xpliant/pradeep/tools/160502/vcs-mx_vK-2015.09-SP2-1/etc/uvm-1.1/comps/uvm_comps.svh'.
Parsing included file '/slowfs/vgzebucae15/Xpliant/pradeep/tools/160502/vcs-mx_vK-2015.09-SP2-1/etc/uvm-1.1/comps/uvm_push_driver.svh'.
Back to file '/slowfs/vgzebucae15/Xpliant/pradeep/tools/160502/vcs-mx_vK-2015.09-SP2-1/etc/uvm-1.1/comps/uvm_comps.svh'.
Parsing included file '/slowfs/vgzebucae15/Xpliant/pradeep/tools/160502/vcs-mx_vK-2015.09-SP2-1/etc/uvm-1.1/comps/uvm_scoreboard.svh'.
Back to file '/slowfs/vgzebucae15/Xpliant/pradeep/tools/160502/vcs-mx_vK-2015.09-SP2-1/etc/uvm-1.1/comps/uvm_comps.svh'.
Parsing included file '/slowfs/vgzebucae15/Xpliant/pradeep/tools/160502/vcs-mx_vK-2015.09-SP2-1/etc/uvm-1.1/comps/uvm_agent.svh'.
Back to file '/slowfs/vgzebucae15/Xpliant/pradeep/tools/160502/vcs-mx_vK-2015.09-SP2-1/etc/uvm-1.1/comps/uvm_comps.svh'.
Parsing included file '/slowfs/vgzebucae15/Xpliant/pradeep/tools/160502/vcs-mx_vK-2015.09-SP2-1/etc/uvm-1.1/comps/uvm_env.svh'.
Back to file '/slowfs/vgzebucae15/Xpliant/pradeep/tools/160502/vcs-mx_vK-2015.09-SP2-1/etc/uvm-1.1/comps/uvm_comps.svh'.
Parsing included file '/slowfs/vgzebucae15/Xpliant/pradeep/tools/160502/vcs-mx_vK-2015.09-SP2-1/etc/uvm-1.1/comps/uvm_test.svh'.
Back to file '/slowfs/vgzebucae15/Xpliant/pradeep/tools/160502/vcs-mx_vK-2015.09-SP2-1/etc/uvm-1.1/comps/uvm_comps.svh'.
Back to file '/slowfs/vgzebucae15/Xpliant/pradeep/tools/160502/vcs-mx_vK-2015.09-SP2-1/etc/uvm-1.1/uvm_pkg.sv'.
Parsing included file '/slowfs/vgzebucae15/Xpliant/pradeep/tools/160502/vcs-mx_vK-2015.09-SP2-1/etc/uvm-1.1/seq/uvm_seq.svh'.
Parsing included file '/slowfs/vgzebucae15/Xpliant/pradeep/tools/160502/vcs-mx_vK-2015.09-SP2-1/etc/uvm-1.1/seq/uvm_sequence_item.svh'.
Back to file '/slowfs/vgzebucae15/Xpliant/pradeep/tools/160502/vcs-mx_vK-2015.09-SP2-1/etc/uvm-1.1/seq/uvm_seq.svh'.
Parsing included file '/slowfs/vgzebucae15/Xpliant/pradeep/tools/160502/vcs-mx_vK-2015.09-SP2-1/etc/uvm-1.1/seq/uvm_sequencer_base.svh'.
Back to file '/slowfs/vgzebucae15/Xpliant/pradeep/tools/160502/vcs-mx_vK-2015.09-SP2-1/etc/uvm-1.1/seq/uvm_seq.svh'.
Parsing included file '/slowfs/vgzebucae15/Xpliant/pradeep/tools/160502/vcs-mx_vK-2015.09-SP2-1/etc/uvm-1.1/seq/uvm_sequencer_analysis_fifo.svh'.
Back to file '/slowfs/vgzebucae15/Xpliant/pradeep/tools/160502/vcs-mx_vK-2015.09-SP2-1/etc/uvm-1.1/seq/uvm_seq.svh'.
Parsing included file '/slowfs/vgzebucae15/Xpliant/pradeep/tools/160502/vcs-mx_vK-2015.09-SP2-1/etc/uvm-1.1/seq/uvm_sequencer_param_base.svh'.
Back to file '/slowfs/vgzebucae15/Xpliant/pradeep/tools/160502/vcs-mx_vK-2015.09-SP2-1/etc/uvm-1.1/seq/uvm_seq.svh'.
Parsing included file '/slowfs/vgzebucae15/Xpliant/pradeep/tools/160502/vcs-mx_vK-2015.09-SP2-1/etc/uvm-1.1/seq/uvm_sequencer.svh'.
Back to file '/slowfs/vgzebucae15/Xpliant/pradeep/tools/160502/vcs-mx_vK-2015.09-SP2-1/etc/uvm-1.1/seq/uvm_seq.svh'.
Parsing included file '/slowfs/vgzebucae15/Xpliant/pradeep/tools/160502/vcs-mx_vK-2015.09-SP2-1/etc/uvm-1.1/seq/uvm_push_sequencer.svh'.
Back to file '/slowfs/vgzebucae15/Xpliant/pradeep/tools/160502/vcs-mx_vK-2015.09-SP2-1/etc/uvm-1.1/seq/uvm_seq.svh'.
Parsing included file '/slowfs/vgzebucae15/Xpliant/pradeep/tools/160502/vcs-mx_vK-2015.09-SP2-1/etc/uvm-1.1/seq/uvm_sequence_base.svh'.
Back to file '/slowfs/vgzebucae15/Xpliant/pradeep/tools/160502/vcs-mx_vK-2015.09-SP2-1/etc/uvm-1.1/seq/uvm_seq.svh'.
Parsing included file '/slowfs/vgzebucae15/Xpliant/pradeep/tools/160502/vcs-mx_vK-2015.09-SP2-1/etc/uvm-1.1/seq/uvm_sequence.svh'.
Back to file '/slowfs/vgzebucae15/Xpliant/pradeep/tools/160502/vcs-mx_vK-2015.09-SP2-1/etc/uvm-1.1/seq/uvm_seq.svh'.
Parsing included file '/slowfs/vgzebucae15/Xpliant/pradeep/tools/160502/vcs-mx_vK-2015.09-SP2-1/etc/uvm-1.1/seq/uvm_sequence_library.svh'.
Back to file '/slowfs/vgzebucae15/Xpliant/pradeep/tools/160502/vcs-mx_vK-2015.09-SP2-1/etc/uvm-1.1/seq/uvm_seq.svh'.
Parsing included file '/slowfs/vgzebucae15/Xpliant/pradeep/tools/160502/vcs-mx_vK-2015.09-SP2-1/etc/uvm-1.1/seq/uvm_sequence_builtin.svh'.
Back to file '/slowfs/vgzebucae15/Xpliant/pradeep/tools/160502/vcs-mx_vK-2015.09-SP2-1/etc/uvm-1.1/seq/uvm_seq.svh'.
Back to file '/slowfs/vgzebucae15/Xpliant/pradeep/tools/160502/vcs-mx_vK-2015.09-SP2-1/etc/uvm-1.1/uvm_pkg.sv'.
Parsing included file '/slowfs/vgzebucae15/Xpliant/pradeep/tools/160502/vcs-mx_vK-2015.09-SP2-1/etc/uvm-1.1/tlm2/uvm_tlm2.svh'.
Parsing included file '/slowfs/vgzebucae15/Xpliant/pradeep/tools/160502/vcs-mx_vK-2015.09-SP2-1/etc/uvm-1.1/tlm2/uvm_tlm2_defines.svh'.
Back to file '/slowfs/vgzebucae15/Xpliant/pradeep/tools/160502/vcs-mx_vK-2015.09-SP2-1/etc/uvm-1.1/tlm2/uvm_tlm2.svh'.
Parsing included file '/slowfs/vgzebucae15/Xpliant/pradeep/tools/160502/vcs-mx_vK-2015.09-SP2-1/etc/uvm-1.1/tlm2/uvm_tlm2_time.svh'.
Back to file '/slowfs/vgzebucae15/Xpliant/pradeep/tools/160502/vcs-mx_vK-2015.09-SP2-1/etc/uvm-1.1/tlm2/uvm_tlm2.svh'.
Parsing included file '/slowfs/vgzebucae15/Xpliant/pradeep/tools/160502/vcs-mx_vK-2015.09-SP2-1/etc/uvm-1.1/tlm2/uvm_tlm2_generic_payload.svh'.
Back to file '/slowfs/vgzebucae15/Xpliant/pradeep/tools/160502/vcs-mx_vK-2015.09-SP2-1/etc/uvm-1.1/tlm2/uvm_tlm2.svh'.
Parsing included file '/slowfs/vgzebucae15/Xpliant/pradeep/tools/160502/vcs-mx_vK-2015.09-SP2-1/etc/uvm-1.1/tlm2/uvm_tlm2_ifs.svh'.
Back to file '/slowfs/vgzebucae15/Xpliant/pradeep/tools/160502/vcs-mx_vK-2015.09-SP2-1/etc/uvm-1.1/tlm2/uvm_tlm2.svh'.
Parsing included file '/slowfs/vgzebucae15/Xpliant/pradeep/tools/160502/vcs-mx_vK-2015.09-SP2-1/etc/uvm-1.1/tlm2/uvm_tlm2_imps.svh'.
Back to file '/slowfs/vgzebucae15/Xpliant/pradeep/tools/160502/vcs-mx_vK-2015.09-SP2-1/etc/uvm-1.1/tlm2/uvm_tlm2.svh'.
Parsing included file '/slowfs/vgzebucae15/Xpliant/pradeep/tools/160502/vcs-mx_vK-2015.09-SP2-1/etc/uvm-1.1/tlm2/uvm_tlm2_ports.svh'.
Back to file '/slowfs/vgzebucae15/Xpliant/pradeep/tools/160502/vcs-mx_vK-2015.09-SP2-1/etc/uvm-1.1/tlm2/uvm_tlm2.svh'.
Parsing included file '/slowfs/vgzebucae15/Xpliant/pradeep/tools/160502/vcs-mx_vK-2015.09-SP2-1/etc/uvm-1.1/tlm2/uvm_tlm2_exports.svh'.
Back to file '/slowfs/vgzebucae15/Xpliant/pradeep/tools/160502/vcs-mx_vK-2015.09-SP2-1/etc/uvm-1.1/tlm2/uvm_tlm2.svh'.
Parsing included file '/slowfs/vgzebucae15/Xpliant/pradeep/tools/160502/vcs-mx_vK-2015.09-SP2-1/etc/uvm-1.1/tlm2/uvm_tlm2_sockets_base.svh'.
Back to file '/slowfs/vgzebucae15/Xpliant/pradeep/tools/160502/vcs-mx_vK-2015.09-SP2-1/etc/uvm-1.1/tlm2/uvm_tlm2.svh'.
Parsing included file '/slowfs/vgzebucae15/Xpliant/pradeep/tools/160502/vcs-mx_vK-2015.09-SP2-1/etc/uvm-1.1/tlm2/uvm_tlm2_sockets.svh'.
Back to file '/slowfs/vgzebucae15/Xpliant/pradeep/tools/160502/vcs-mx_vK-2015.09-SP2-1/etc/uvm-1.1/tlm2/uvm_tlm2.svh'.
Back to file '/slowfs/vgzebucae15/Xpliant/pradeep/tools/160502/vcs-mx_vK-2015.09-SP2-1/etc/uvm-1.1/uvm_pkg.sv'.
Parsing included file '/slowfs/vgzebucae15/Xpliant/pradeep/tools/160502/vcs-mx_vK-2015.09-SP2-1/etc/uvm-1.1/reg/uvm_reg_model.svh'.
Parsing included file '/slowfs/vgzebucae15/Xpliant/pradeep/tools/160502/vcs-mx_vK-2015.09-SP2-1/etc/uvm-1.1/reg/uvm_reg_item.svh'.
Back to file '/slowfs/vgzebucae15/Xpliant/pradeep/tools/160502/vcs-mx_vK-2015.09-SP2-1/etc/uvm-1.1/reg/uvm_reg_model.svh'.
Parsing included file '/slowfs/vgzebucae15/Xpliant/pradeep/tools/160502/vcs-mx_vK-2015.09-SP2-1/etc/uvm-1.1/reg/uvm_reg_adapter.svh'.
Back to file '/slowfs/vgzebucae15/Xpliant/pradeep/tools/160502/vcs-mx_vK-2015.09-SP2-1/etc/uvm-1.1/reg/uvm_reg_model.svh'.
Parsing included file '/slowfs/vgzebucae15/Xpliant/pradeep/tools/160502/vcs-mx_vK-2015.09-SP2-1/etc/uvm-1.1/reg/uvm_reg_predictor.svh'.
Back to file '/slowfs/vgzebucae15/Xpliant/pradeep/tools/160502/vcs-mx_vK-2015.09-SP2-1/etc/uvm-1.1/reg/uvm_reg_model.svh'.
Parsing included file '/slowfs/vgzebucae15/Xpliant/pradeep/tools/160502/vcs-mx_vK-2015.09-SP2-1/etc/uvm-1.1/reg/uvm_reg_sequence.svh'.
Back to file '/slowfs/vgzebucae15/Xpliant/pradeep/tools/160502/vcs-mx_vK-2015.09-SP2-1/etc/uvm-1.1/reg/uvm_reg_model.svh'.
Parsing included file '/slowfs/vgzebucae15/Xpliant/pradeep/tools/160502/vcs-mx_vK-2015.09-SP2-1/etc/uvm-1.1/reg/uvm_reg_cbs.svh'.
Back to file '/slowfs/vgzebucae15/Xpliant/pradeep/tools/160502/vcs-mx_vK-2015.09-SP2-1/etc/uvm-1.1/reg/uvm_reg_model.svh'.
Parsing included file '/slowfs/vgzebucae15/Xpliant/pradeep/tools/160502/vcs-mx_vK-2015.09-SP2-1/etc/uvm-1.1/reg/uvm_reg_backdoor.svh'.
Back to file '/slowfs/vgzebucae15/Xpliant/pradeep/tools/160502/vcs-mx_vK-2015.09-SP2-1/etc/uvm-1.1/reg/uvm_reg_model.svh'.
Parsing included file '/slowfs/vgzebucae15/Xpliant/pradeep/tools/160502/vcs-mx_vK-2015.09-SP2-1/etc/uvm-1.1/reg/uvm_reg_field.svh'.
Back to file '/slowfs/vgzebucae15/Xpliant/pradeep/tools/160502/vcs-mx_vK-2015.09-SP2-1/etc/uvm-1.1/reg/uvm_reg_model.svh'.
Parsing included file '/slowfs/vgzebucae15/Xpliant/pradeep/tools/160502/vcs-mx_vK-2015.09-SP2-1/etc/uvm-1.1/reg/uvm_vreg_field.svh'.
Back to file '/slowfs/vgzebucae15/Xpliant/pradeep/tools/160502/vcs-mx_vK-2015.09-SP2-1/etc/uvm-1.1/reg/uvm_reg_model.svh'.
Parsing included file '/slowfs/vgzebucae15/Xpliant/pradeep/tools/160502/vcs-mx_vK-2015.09-SP2-1/etc/uvm-1.1/reg/uvm_reg.svh'.
Back to file '/slowfs/vgzebucae15/Xpliant/pradeep/tools/160502/vcs-mx_vK-2015.09-SP2-1/etc/uvm-1.1/reg/uvm_reg_model.svh'.
Parsing included file '/slowfs/vgzebucae15/Xpliant/pradeep/tools/160502/vcs-mx_vK-2015.09-SP2-1/etc/uvm-1.1/reg/uvm_reg_indirect.svh'.
Back to file '/slowfs/vgzebucae15/Xpliant/pradeep/tools/160502/vcs-mx_vK-2015.09-SP2-1/etc/uvm-1.1/reg/uvm_reg_model.svh'.
Parsing included file '/slowfs/vgzebucae15/Xpliant/pradeep/tools/160502/vcs-mx_vK-2015.09-SP2-1/etc/uvm-1.1/reg/uvm_reg_fifo.svh'.
Back to file '/slowfs/vgzebucae15/Xpliant/pradeep/tools/160502/vcs-mx_vK-2015.09-SP2-1/etc/uvm-1.1/reg/uvm_reg_model.svh'.
Parsing included file '/slowfs/vgzebucae15/Xpliant/pradeep/tools/160502/vcs-mx_vK-2015.09-SP2-1/etc/uvm-1.1/reg/uvm_reg_file.svh'.
Back to file '/slowfs/vgzebucae15/Xpliant/pradeep/tools/160502/vcs-mx_vK-2015.09-SP2-1/etc/uvm-1.1/reg/uvm_reg_model.svh'.
Parsing included file '/slowfs/vgzebucae15/Xpliant/pradeep/tools/160502/vcs-mx_vK-2015.09-SP2-1/etc/uvm-1.1/reg/uvm_mem_mam.svh'.
Back to file '/slowfs/vgzebucae15/Xpliant/pradeep/tools/160502/vcs-mx_vK-2015.09-SP2-1/etc/uvm-1.1/reg/uvm_reg_model.svh'.
Parsing included file '/slowfs/vgzebucae15/Xpliant/pradeep/tools/160502/vcs-mx_vK-2015.09-SP2-1/etc/uvm-1.1/reg/uvm_vreg.svh'.
Back to file '/slowfs/vgzebucae15/Xpliant/pradeep/tools/160502/vcs-mx_vK-2015.09-SP2-1/etc/uvm-1.1/reg/uvm_reg_model.svh'.
Parsing included file '/slowfs/vgzebucae15/Xpliant/pradeep/tools/160502/vcs-mx_vK-2015.09-SP2-1/etc/uvm-1.1/reg/uvm_mem.svh'.
Back to file '/slowfs/vgzebucae15/Xpliant/pradeep/tools/160502/vcs-mx_vK-2015.09-SP2-1/etc/uvm-1.1/reg/uvm_reg_model.svh'.
Parsing included file '/slowfs/vgzebucae15/Xpliant/pradeep/tools/160502/vcs-mx_vK-2015.09-SP2-1/etc/uvm-1.1/reg/uvm_reg_map.svh'.
Back to file '/slowfs/vgzebucae15/Xpliant/pradeep/tools/160502/vcs-mx_vK-2015.09-SP2-1/etc/uvm-1.1/reg/uvm_reg_model.svh'.
Parsing included file '/slowfs/vgzebucae15/Xpliant/pradeep/tools/160502/vcs-mx_vK-2015.09-SP2-1/etc/uvm-1.1/reg/uvm_reg_block.svh'.
Back to file '/slowfs/vgzebucae15/Xpliant/pradeep/tools/160502/vcs-mx_vK-2015.09-SP2-1/etc/uvm-1.1/reg/uvm_reg_model.svh'.
Parsing included file '/slowfs/vgzebucae15/Xpliant/pradeep/tools/160502/vcs-mx_vK-2015.09-SP2-1/etc/uvm-1.1/reg/sequences/uvm_reg_hw_reset_seq.svh'.
Back to file '/slowfs/vgzebucae15/Xpliant/pradeep/tools/160502/vcs-mx_vK-2015.09-SP2-1/etc/uvm-1.1/reg/uvm_reg_model.svh'.
Parsing included file '/slowfs/vgzebucae15/Xpliant/pradeep/tools/160502/vcs-mx_vK-2015.09-SP2-1/etc/uvm-1.1/reg/sequences/uvm_reg_bit_bash_seq.svh'.
Back to file '/slowfs/vgzebucae15/Xpliant/pradeep/tools/160502/vcs-mx_vK-2015.09-SP2-1/etc/uvm-1.1/reg/uvm_reg_model.svh'.
Parsing included file '/slowfs/vgzebucae15/Xpliant/pradeep/tools/160502/vcs-mx_vK-2015.09-SP2-1/etc/uvm-1.1/reg/sequences/uvm_mem_walk_seq.svh'.
Back to file '/slowfs/vgzebucae15/Xpliant/pradeep/tools/160502/vcs-mx_vK-2015.09-SP2-1/etc/uvm-1.1/reg/uvm_reg_model.svh'.
Parsing included file '/slowfs/vgzebucae15/Xpliant/pradeep/tools/160502/vcs-mx_vK-2015.09-SP2-1/etc/uvm-1.1/reg/sequences/uvm_mem_access_seq.svh'.
Back to file '/slowfs/vgzebucae15/Xpliant/pradeep/tools/160502/vcs-mx_vK-2015.09-SP2-1/etc/uvm-1.1/reg/uvm_reg_model.svh'.
Parsing included file '/slowfs/vgzebucae15/Xpliant/pradeep/tools/160502/vcs-mx_vK-2015.09-SP2-1/etc/uvm-1.1/reg/sequences/uvm_reg_access_seq.svh'.
Back to file '/slowfs/vgzebucae15/Xpliant/pradeep/tools/160502/vcs-mx_vK-2015.09-SP2-1/etc/uvm-1.1/reg/uvm_reg_model.svh'.
Parsing included file '/slowfs/vgzebucae15/Xpliant/pradeep/tools/160502/vcs-mx_vK-2015.09-SP2-1/etc/uvm-1.1/reg/sequences/uvm_reg_mem_shared_access_seq.svh'.
Back to file '/slowfs/vgzebucae15/Xpliant/pradeep/tools/160502/vcs-mx_vK-2015.09-SP2-1/etc/uvm-1.1/reg/uvm_reg_model.svh'.
Parsing included file '/slowfs/vgzebucae15/Xpliant/pradeep/tools/160502/vcs-mx_vK-2015.09-SP2-1/etc/uvm-1.1/reg/sequences/uvm_reg_mem_built_in_seq.svh'.
Back to file '/slowfs/vgzebucae15/Xpliant/pradeep/tools/160502/vcs-mx_vK-2015.09-SP2-1/etc/uvm-1.1/reg/uvm_reg_model.svh'.
Parsing included file '/slowfs/vgzebucae15/Xpliant/pradeep/tools/160502/vcs-mx_vK-2015.09-SP2-1/etc/uvm-1.1/reg/sequences/uvm_reg_mem_hdl_paths_seq.svh'.
Back to file '/slowfs/vgzebucae15/Xpliant/pradeep/tools/160502/vcs-mx_vK-2015.09-SP2-1/etc/uvm-1.1/reg/uvm_reg_model.svh'.
Parsing included file '/slowfs/vgzebucae15/Xpliant/pradeep/tools/160502/vcs-mx_vK-2015.09-SP2-1/etc/uvm-1.1/reg/snps_uvm_reg_bank.svh'.
Back to file '/slowfs/vgzebucae15/Xpliant/pradeep/tools/160502/vcs-mx_vK-2015.09-SP2-1/etc/uvm-1.1/reg/uvm_reg_model.svh'.
Back to file '/slowfs/vgzebucae15/Xpliant/pradeep/tools/160502/vcs-mx_vK-2015.09-SP2-1/etc/uvm-1.1/uvm_pkg.sv'.
Parsing design file '/slowfs/vgzebucae15/Xpliant/pradeep/tools/160502/vcs-mx_vK-2015.09-SP2-1/etc/uvm-1.1/vcs/uvm_custom_install_vcs_recorder.sv'
Parsing included file '/slowfs/vgzebucae15/Xpliant/pradeep/tools/160502/vcs-mx_vK-2015.09-SP2-1/etc/uvm-1.1/vcs/msglog.svh'.
Back to file '/slowfs/vgzebucae15/Xpliant/pradeep/tools/160502/vcs-mx_vK-2015.09-SP2-1/etc/uvm-1.1/vcs/uvm_custom_install_vcs_recorder.sv'.
Parsing included file '/slowfs/vgzebucae15/Xpliant/pradeep/tools/160502/vcs-mx_vK-2015.09-SP2-1/etc/uvm-1.1/vcs/uvm_msglog_report_server.sv'.
Back to file '/slowfs/vgzebucae15/Xpliant/pradeep/tools/160502/vcs-mx_vK-2015.09-SP2-1/etc/uvm-1.1/vcs/uvm_custom_install_vcs_recorder.sv'.
Parsing included file '/slowfs/vgzebucae15/Xpliant/pradeep/tools/160502/vcs-mx_vK-2015.09-SP2-1/etc/uvm-1.1/vcs/uvm_vcs_recorder.svh'.
Back to file '/slowfs/vgzebucae15/Xpliant/pradeep/tools/160502/vcs-mx_vK-2015.09-SP2-1/etc/uvm-1.1/vcs/uvm_custom_install_vcs_recorder.sv'.
Parsing included file '/slowfs/vgzebucae15/Xpliant/pradeep/tools/160502/vcs-mx_vK-2015.09-SP2-1/etc/uvm-1.1/vcs/uvm_vcs_record_interface.sv'.
Back to file '/slowfs/vgzebucae15/Xpliant/pradeep/tools/160502/vcs-mx_vK-2015.09-SP2-1/etc/uvm-1.1/vcs/uvm_custom_install_vcs_recorder.sv'.
Parsing design file '../tests/wb_spi_env_tb_mod.sv'
Parsing included file '../../../../rtl/spi_ctrl/timescale.v'.
Back to file '../tests/wb_spi_env_tb_mod.sv'.
Parsing included file '../include/mstr_slv_intfs.incl'.
Parsing included file '../../common/wb_master_if.sv'.
Back to file '../include/mstr_slv_intfs.incl'.
Parsing included file '../../common/wb_slave_if.sv'.
Back to file '../include/mstr_slv_intfs.incl'.
Parsing included file '../src/spi_if.sv'.
Back to file '../include/mstr_slv_intfs.incl'.
Back to file '../tests/wb_spi_env_tb_mod.sv'.
Parsing included file '../env/wb_spi_env_ral_env.sv'.
Parsing included file '../include/wb_spi_env.sv'.
Parsing included file '../include/mstr_slv_src.incl'.
Parsing included file '../../common/wb_master_mon.sv'.
Back to file '../include/mstr_slv_src.incl'.
Parsing included file '../../common/wb_master_seqr.sv'.
Back to file '../include/mstr_slv_src.incl'.
Parsing included file '../../common/wb_transaction.sv'.
Back to file '../include/mstr_slv_src.incl'.
Parsing included file '../../common/wb_master.sv'.
Back to file '../include/mstr_slv_src.incl'.
Parsing included file '../../common/wb_master_agent.sv'.
Back to file '../include/mstr_slv_src.incl'.
Parsing included file '../../common/wb_transaction.sv'.
Back to file '../include/mstr_slv_src.incl'.
Parsing included file '../../common/wb_slave_mon.sv'.
Back to file '../include/mstr_slv_src.incl'.
Parsing included file '../../common/wb_slave.sv'.
Back to file '../include/mstr_slv_src.incl'.
Parsing included file '../../common/wb_slave_agent.sv'.
Back to file '../include/mstr_slv_src.incl'.
Parsing included file '../../common/wb_config.sv'.
Back to file '../include/mstr_slv_src.incl'.
Parsing included file '../../common/wb_master_agent_sequence_library.sv'.
Back to file '../include/mstr_slv_src.incl'.
Parsing included file '../src/spi_seqr.sv'.
Back to file '../include/mstr_slv_src.incl'.
Parsing included file '../src/spi_transaction.sv'.
Back to file '../include/mstr_slv_src.incl'.
Parsing included file '../src/spi_mon.sv'.
Back to file '../include/mstr_slv_src.incl'.
Parsing included file '../src/spi_drv.sv'.
Back to file '../include/mstr_slv_src.incl'.
Parsing included file '../env/spi_agent.sv'.
Back to file '../include/mstr_slv_src.incl'.
Back to file '../include/wb_spi_env.sv'.
Parsing included file '../src/wb_spi_env_cfg.sv'.
Back to file '../include/wb_spi_env.sv'.
Parsing included file '../src/spi_scbd.sv'.
Back to file '../include/wb_spi_env.sv'.
Parsing included file '../src/wb_spi_env_cov.sv'.
Back to file '../include/wb_spi_env.sv'.
Parsing included file '../src/mon_2cov.sv'.
Back to file '../include/wb_spi_env.sv'.
Parsing included file '../src/ral_single.sv'.
Back to file '../include/wb_spi_env.sv'.
Parsing included file '../env/ral_wb_spi_env.sv'.

Note-[SV-LCM-PPWI] Package previously wildcard imported
../env/ral_wb_spi_env.sv, 4
wb_spi_env_tb_mod
  Package 'uvm_pkg' already wildcard imported. 
  Ignoring uvm_pkg::*
  See the System Verilog LRM(1800-2005), section 18.1.

Back to file '../include/wb_spi_env.sv'.
Back to file '../env/wb_spi_env_ral_env.sv'.
Back to file '../tests/wb_spi_env_tb_mod.sv'.
Parsing included file '../tests/wb_spi_env_test.sv'.
Back to file '../tests/wb_spi_env_tb_mod.sv'.
Parsing design file '../hdl/wb_spi_env_top.sv'
Parsing included file '../../common/wb_master_if.sv'.
Back to file '../hdl/wb_spi_env_top.sv'.
Parsing included file '../../common/wb_slave_if.sv'.
Back to file '../hdl/wb_spi_env_top.sv'.
Parsing included file '../src/spi_if.sv'.
Back to file '../hdl/wb_spi_env_top.sv'.
Parsing included file '../../../../rtl/spi_ctrl/timescale.v'.
Back to file '../hdl/wb_spi_env_top.sv'.
Parsing design file '/slowfs/vgcs13/srivats/project/soc/rtl/spi_ctrl/fifo4.v'
Parsing included file '../../../../rtl/spi_ctrl/timescale.v'.
Back to file '/slowfs/vgcs13/srivats/project/soc/rtl/spi_ctrl/fifo4.v'.
Parsing design file '/slowfs/vgcs13/srivats/project/soc/rtl/spi_ctrl/spi_defines.v'
Parsing design file '/slowfs/vgcs13/srivats/project/soc/rtl/spi_ctrl/spi_flash_clgen.v'
Parsing included file '../../../../rtl/spi_ctrl/spi_defines.v'.
Back to file '/slowfs/vgcs13/srivats/project/soc/rtl/spi_ctrl/spi_flash_clgen.v'.
Parsing included file '../../../../rtl/spi_ctrl/timescale.v'.
Back to file '/slowfs/vgcs13/srivats/project/soc/rtl/spi_ctrl/spi_flash_clgen.v'.
Parsing design file '/slowfs/vgcs13/srivats/project/soc/rtl/spi_ctrl/spi_flash_shift.v'
Parsing included file '../../../../rtl/spi_ctrl/spi_defines.v'.
Back to file '/slowfs/vgcs13/srivats/project/soc/rtl/spi_ctrl/spi_flash_shift.v'.
Parsing included file '../../../../rtl/spi_ctrl/timescale.v'.
Back to file '/slowfs/vgcs13/srivats/project/soc/rtl/spi_ctrl/spi_flash_shift.v'.
Parsing design file '/slowfs/vgcs13/srivats/project/soc/rtl/spi_ctrl/spi_flash_top.v'
Parsing included file '../../../../rtl/spi_ctrl/spi_defines.v'.
Back to file '/slowfs/vgcs13/srivats/project/soc/rtl/spi_ctrl/spi_flash_top.v'.
Parsing included file '../../../../rtl/spi_ctrl/timescale.v'.
Back to file '/slowfs/vgcs13/srivats/project/soc/rtl/spi_ctrl/spi_flash_top.v'.
Parsing design file '/slowfs/vgcs13/srivats/project/soc/rtl/spi_ctrl/simple_spi_top.v'
Parsing included file '../../../../rtl/spi_ctrl/timescale.v'.
Back to file '/slowfs/vgcs13/srivats/project/soc/rtl/spi_ctrl/simple_spi_top.v'.
Parsing design file '/slowfs/vgcs13/srivats/project/soc/rtl/spi_ctrl/spi_wrap_top.sv'
Top Level Modules:
       uvm_custom_install_recording
       wb_spi_env_top
       spi_flash_top
TimeScale is 1 ns / 1 ps

Warning-[TFIPC] Too few instance port connections
../hdl/wb_spi_env_top.sv, 48
"spi_wrap_top wrap_inst(slv_if, spi_if);"
  The above instance has fewer port connections than the module definition.
  Please use '+lint=TFIPC-L' to print out detailed information of unconnected 
  ports.


Error-[IND] Identifier not declared
../../common/wb_master_agent_sequence_library.sv, 58
  Identifier 'get_starting_phase' has not been declared yet. If this error is 
  not expected, please check if you have set `default_nettype to none.
  Instance stack trace:
      wb_spi_env_tb_mod  ../hdl/wb_spi_env_top.sv, 46
      wb_spi_env_top  ../hdl/wb_spi_env_top.sv, 25
  


Error-[IND] Identifier not declared
../../common/wb_master_agent_sequence_library.sv, 59
  Identifier 'get_starting_phase' has not been declared yet. If this error is 
  not expected, please check if you have set `default_nettype to none.
  Instance stack trace:
      wb_spi_env_tb_mod  ../hdl/wb_spi_env_top.sv, 46
      wb_spi_env_top  ../hdl/wb_spi_env_top.sv, 25
  


Error-[IND] Identifier not declared
../../common/wb_master_agent_sequence_library.sv, 71
  Identifier 'get_starting_phase' has not been declared yet. If this error is 
  not expected, please check if you have set `default_nettype to none.
  Instance stack trace:
      wb_spi_env_tb_mod  ../hdl/wb_spi_env_top.sv, 46
      wb_spi_env_top  ../hdl/wb_spi_env_top.sv, 25
  


Error-[IND] Identifier not declared
../../common/wb_master_agent_sequence_library.sv, 72
  Identifier 'get_starting_phase' has not been declared yet. If this error is 
  not expected, please check if you have set `default_nettype to none.
  Instance stack trace:
      wb_spi_env_tb_mod  ../hdl/wb_spi_env_top.sv, 46
      wb_spi_env_top  ../hdl/wb_spi_env_top.sv, 25
  

1 warning
4 errors
CPU time: 1.830 seconds to compile
