Command: vcs -sverilog -l vcs.log -ntb_opts uvm-1.2 +incdir+../include+../src+../env+../tests+../hdl \
+define+UVM_NO_DEPRECATED +define+UVM_OBJECT_MUST_HAVE_CONSTRUCTOR -debug_all ../tests/wb_env_tb_mod.sv \
../hdl/wb_env_top.sv ../hdl/dut.v
                         Chronologic VCS (TM)
         Version L-2016.06-SP1-1 -- Tue Oct 25 20:11:28 2016
               Copyright (c) 1991-2016 by Synopsys Inc.
                         ALL RIGHTS RESERVED

This program is proprietary and confidential information of Synopsys Inc.
and may be used and disclosed only as authorized in a license agreement
controlling such use and disclosure.

Parsing design file '/global/apps/vcsmx_2016.06-SP1-1/etc/uvm-1.2/uvm_pkg.sv'
Parsing included file '/global/apps/vcsmx_2016.06-SP1-1/etc/uvm-1.2/uvm_macros.svh'.
Parsing included file '/global/apps/vcsmx_2016.06-SP1-1/etc/uvm-1.2/macros/uvm_version_defines.svh'.
Back to file '/global/apps/vcsmx_2016.06-SP1-1/etc/uvm-1.2/uvm_macros.svh'.
Parsing included file '/global/apps/vcsmx_2016.06-SP1-1/etc/uvm-1.2/macros/uvm_global_defines.svh'.
Back to file '/global/apps/vcsmx_2016.06-SP1-1/etc/uvm-1.2/uvm_macros.svh'.
Parsing included file '/global/apps/vcsmx_2016.06-SP1-1/etc/uvm-1.2/macros/uvm_message_defines.svh'.
Back to file '/global/apps/vcsmx_2016.06-SP1-1/etc/uvm-1.2/uvm_macros.svh'.
Parsing included file '/global/apps/vcsmx_2016.06-SP1-1/etc/uvm-1.2/macros/uvm_phase_defines.svh'.
Back to file '/global/apps/vcsmx_2016.06-SP1-1/etc/uvm-1.2/uvm_macros.svh'.
Parsing included file '/global/apps/vcsmx_2016.06-SP1-1/etc/uvm-1.2/macros/uvm_object_defines.svh'.
Back to file '/global/apps/vcsmx_2016.06-SP1-1/etc/uvm-1.2/uvm_macros.svh'.
Parsing included file '/global/apps/vcsmx_2016.06-SP1-1/etc/uvm-1.2/macros/uvm_printer_defines.svh'.
Back to file '/global/apps/vcsmx_2016.06-SP1-1/etc/uvm-1.2/uvm_macros.svh'.
Parsing included file '/global/apps/vcsmx_2016.06-SP1-1/etc/uvm-1.2/macros/uvm_tlm_defines.svh'.
Parsing included file '/global/apps/vcsmx_2016.06-SP1-1/etc/uvm-1.2/tlm1/uvm_tlm_imps.svh'.
Back to file '/global/apps/vcsmx_2016.06-SP1-1/etc/uvm-1.2/macros/uvm_tlm_defines.svh'.
Back to file '/global/apps/vcsmx_2016.06-SP1-1/etc/uvm-1.2/uvm_macros.svh'.
Parsing included file '/global/apps/vcsmx_2016.06-SP1-1/etc/uvm-1.2/macros/uvm_sequence_defines.svh'.
Back to file '/global/apps/vcsmx_2016.06-SP1-1/etc/uvm-1.2/uvm_macros.svh'.
Parsing included file '/global/apps/vcsmx_2016.06-SP1-1/etc/uvm-1.2/macros/uvm_callback_defines.svh'.
Back to file '/global/apps/vcsmx_2016.06-SP1-1/etc/uvm-1.2/uvm_macros.svh'.
Parsing included file '/global/apps/vcsmx_2016.06-SP1-1/etc/uvm-1.2/macros/uvm_reg_defines.svh'.
Back to file '/global/apps/vcsmx_2016.06-SP1-1/etc/uvm-1.2/uvm_macros.svh'.
Parsing included file '/global/apps/vcsmx_2016.06-SP1-1/etc/uvm-1.2/macros/uvm_deprecated_defines.svh'.
Back to file '/global/apps/vcsmx_2016.06-SP1-1/etc/uvm-1.2/uvm_macros.svh'.
Back to file '/global/apps/vcsmx_2016.06-SP1-1/etc/uvm-1.2/uvm_pkg.sv'.
Parsing included file '/global/apps/vcsmx_2016.06-SP1-1/etc/uvm-1.2/dpi/uvm_dpi.svh'.
Parsing included file '/global/apps/vcsmx_2016.06-SP1-1/etc/uvm-1.2/dpi/uvm_hdl.svh'.
Back to file '/global/apps/vcsmx_2016.06-SP1-1/etc/uvm-1.2/dpi/uvm_dpi.svh'.
Parsing included file '/global/apps/vcsmx_2016.06-SP1-1/etc/uvm-1.2/dpi/uvm_svcmd_dpi.svh'.
Back to file '/global/apps/vcsmx_2016.06-SP1-1/etc/uvm-1.2/dpi/uvm_dpi.svh'.
Parsing included file '/global/apps/vcsmx_2016.06-SP1-1/etc/uvm-1.2/dpi/uvm_regex.svh'.
Back to file '/global/apps/vcsmx_2016.06-SP1-1/etc/uvm-1.2/dpi/uvm_dpi.svh'.
Back to file '/global/apps/vcsmx_2016.06-SP1-1/etc/uvm-1.2/uvm_pkg.sv'.
Parsing included file '/global/apps/vcsmx_2016.06-SP1-1/etc/uvm-1.2/base/uvm_base.svh'.
Parsing included file '/global/apps/vcsmx_2016.06-SP1-1/etc/uvm-1.2/base/uvm_coreservice.svh'.
Back to file '/global/apps/vcsmx_2016.06-SP1-1/etc/uvm-1.2/base/uvm_base.svh'.
Parsing included file '/global/apps/vcsmx_2016.06-SP1-1/etc/uvm-1.2/base/uvm_version.svh'.
Back to file '/global/apps/vcsmx_2016.06-SP1-1/etc/uvm-1.2/base/uvm_base.svh'.
Parsing included file '/global/apps/vcsmx_2016.06-SP1-1/etc/uvm-1.2/base/uvm_object_globals.svh'.
Back to file '/global/apps/vcsmx_2016.06-SP1-1/etc/uvm-1.2/base/uvm_base.svh'.
Parsing included file '/global/apps/vcsmx_2016.06-SP1-1/etc/uvm-1.2/base/uvm_misc.svh'.
Back to file '/global/apps/vcsmx_2016.06-SP1-1/etc/uvm-1.2/base/uvm_base.svh'.
Parsing included file '/global/apps/vcsmx_2016.06-SP1-1/etc/uvm-1.2/base/uvm_object.svh'.
Back to file '/global/apps/vcsmx_2016.06-SP1-1/etc/uvm-1.2/base/uvm_base.svh'.
Parsing included file '/global/apps/vcsmx_2016.06-SP1-1/etc/uvm-1.2/base/uvm_pool.svh'.
Back to file '/global/apps/vcsmx_2016.06-SP1-1/etc/uvm-1.2/base/uvm_base.svh'.
Parsing included file '/global/apps/vcsmx_2016.06-SP1-1/etc/uvm-1.2/base/uvm_queue.svh'.
Back to file '/global/apps/vcsmx_2016.06-SP1-1/etc/uvm-1.2/base/uvm_base.svh'.
Parsing included file '/global/apps/vcsmx_2016.06-SP1-1/etc/uvm-1.2/base/uvm_factory.svh'.
Back to file '/global/apps/vcsmx_2016.06-SP1-1/etc/uvm-1.2/base/uvm_base.svh'.
Parsing included file '/global/apps/vcsmx_2016.06-SP1-1/etc/uvm-1.2/base/uvm_registry.svh'.
Back to file '/global/apps/vcsmx_2016.06-SP1-1/etc/uvm-1.2/base/uvm_base.svh'.
Parsing included file '/global/apps/vcsmx_2016.06-SP1-1/etc/uvm-1.2/base/uvm_spell_chkr.svh'.
Back to file '/global/apps/vcsmx_2016.06-SP1-1/etc/uvm-1.2/base/uvm_base.svh'.
Parsing included file '/global/apps/vcsmx_2016.06-SP1-1/etc/uvm-1.2/base/uvm_resource.svh'.
Back to file '/global/apps/vcsmx_2016.06-SP1-1/etc/uvm-1.2/base/uvm_base.svh'.
Parsing included file '/global/apps/vcsmx_2016.06-SP1-1/etc/uvm-1.2/base/uvm_resource_specializations.svh'.
Back to file '/global/apps/vcsmx_2016.06-SP1-1/etc/uvm-1.2/base/uvm_base.svh'.
Parsing included file '/global/apps/vcsmx_2016.06-SP1-1/etc/uvm-1.2/base/uvm_resource_db.svh'.
Back to file '/global/apps/vcsmx_2016.06-SP1-1/etc/uvm-1.2/base/uvm_base.svh'.
Parsing included file '/global/apps/vcsmx_2016.06-SP1-1/etc/uvm-1.2/base/uvm_config_db.svh'.
Back to file '/global/apps/vcsmx_2016.06-SP1-1/etc/uvm-1.2/base/uvm_base.svh'.
Parsing included file '/global/apps/vcsmx_2016.06-SP1-1/etc/uvm-1.2/base/uvm_printer.svh'.
Back to file '/global/apps/vcsmx_2016.06-SP1-1/etc/uvm-1.2/base/uvm_base.svh'.
Parsing included file '/global/apps/vcsmx_2016.06-SP1-1/etc/uvm-1.2/base/uvm_comparer.svh'.
Back to file '/global/apps/vcsmx_2016.06-SP1-1/etc/uvm-1.2/base/uvm_base.svh'.
Parsing included file '/global/apps/vcsmx_2016.06-SP1-1/etc/uvm-1.2/base/uvm_packer.svh'.
Back to file '/global/apps/vcsmx_2016.06-SP1-1/etc/uvm-1.2/base/uvm_base.svh'.
Parsing included file '/global/apps/vcsmx_2016.06-SP1-1/etc/uvm-1.2/base/uvm_links.svh'.
Back to file '/global/apps/vcsmx_2016.06-SP1-1/etc/uvm-1.2/base/uvm_base.svh'.
Parsing included file '/global/apps/vcsmx_2016.06-SP1-1/etc/uvm-1.2/base/uvm_tr_database.svh'.
Back to file '/global/apps/vcsmx_2016.06-SP1-1/etc/uvm-1.2/base/uvm_base.svh'.
Parsing included file '/global/apps/vcsmx_2016.06-SP1-1/etc/uvm-1.2/base/uvm_tr_stream.svh'.
Back to file '/global/apps/vcsmx_2016.06-SP1-1/etc/uvm-1.2/base/uvm_base.svh'.
Parsing included file '/global/apps/vcsmx_2016.06-SP1-1/etc/uvm-1.2/base/uvm_recorder.svh'.
Back to file '/global/apps/vcsmx_2016.06-SP1-1/etc/uvm-1.2/base/uvm_base.svh'.
Parsing included file '/global/apps/vcsmx_2016.06-SP1-1/etc/uvm-1.2/base/uvm_event_callback.svh'.
Back to file '/global/apps/vcsmx_2016.06-SP1-1/etc/uvm-1.2/base/uvm_base.svh'.
Parsing included file '/global/apps/vcsmx_2016.06-SP1-1/etc/uvm-1.2/base/uvm_event.svh'.
Back to file '/global/apps/vcsmx_2016.06-SP1-1/etc/uvm-1.2/base/uvm_base.svh'.
Parsing included file '/global/apps/vcsmx_2016.06-SP1-1/etc/uvm-1.2/base/uvm_barrier.svh'.
Back to file '/global/apps/vcsmx_2016.06-SP1-1/etc/uvm-1.2/base/uvm_base.svh'.
Parsing included file '/global/apps/vcsmx_2016.06-SP1-1/etc/uvm-1.2/base/uvm_callback.svh'.
Parsing included file '/global/apps/vcsmx_2016.06-SP1-1/etc/uvm-1.2/uvm_macros.svh'.
Back to file '/global/apps/vcsmx_2016.06-SP1-1/etc/uvm-1.2/base/uvm_callback.svh'.
Back to file '/global/apps/vcsmx_2016.06-SP1-1/etc/uvm-1.2/base/uvm_base.svh'.
Parsing included file '/global/apps/vcsmx_2016.06-SP1-1/etc/uvm-1.2/base/uvm_report_message.svh'.
Back to file '/global/apps/vcsmx_2016.06-SP1-1/etc/uvm-1.2/base/uvm_base.svh'.
Parsing included file '/global/apps/vcsmx_2016.06-SP1-1/etc/uvm-1.2/base/uvm_report_catcher.svh'.
Back to file '/global/apps/vcsmx_2016.06-SP1-1/etc/uvm-1.2/base/uvm_base.svh'.
Parsing included file '/global/apps/vcsmx_2016.06-SP1-1/etc/uvm-1.2/base/uvm_report_server.svh'.
Back to file '/global/apps/vcsmx_2016.06-SP1-1/etc/uvm-1.2/base/uvm_base.svh'.
Parsing included file '/global/apps/vcsmx_2016.06-SP1-1/etc/uvm-1.2/base/uvm_report_handler.svh'.
Back to file '/global/apps/vcsmx_2016.06-SP1-1/etc/uvm-1.2/base/uvm_base.svh'.
Parsing included file '/global/apps/vcsmx_2016.06-SP1-1/etc/uvm-1.2/base/uvm_report_object.svh'.
Back to file '/global/apps/vcsmx_2016.06-SP1-1/etc/uvm-1.2/base/uvm_base.svh'.
Parsing included file '/global/apps/vcsmx_2016.06-SP1-1/etc/uvm-1.2/base/uvm_transaction.svh'.
Back to file '/global/apps/vcsmx_2016.06-SP1-1/etc/uvm-1.2/base/uvm_base.svh'.
Parsing included file '/global/apps/vcsmx_2016.06-SP1-1/etc/uvm-1.2/base/uvm_phase.svh'.
Back to file '/global/apps/vcsmx_2016.06-SP1-1/etc/uvm-1.2/base/uvm_base.svh'.
Parsing included file '/global/apps/vcsmx_2016.06-SP1-1/etc/uvm-1.2/base/uvm_domain.svh'.
Back to file '/global/apps/vcsmx_2016.06-SP1-1/etc/uvm-1.2/base/uvm_base.svh'.
Parsing included file '/global/apps/vcsmx_2016.06-SP1-1/etc/uvm-1.2/base/uvm_bottomup_phase.svh'.
Back to file '/global/apps/vcsmx_2016.06-SP1-1/etc/uvm-1.2/base/uvm_base.svh'.
Parsing included file '/global/apps/vcsmx_2016.06-SP1-1/etc/uvm-1.2/base/uvm_topdown_phase.svh'.
Back to file '/global/apps/vcsmx_2016.06-SP1-1/etc/uvm-1.2/base/uvm_base.svh'.
Parsing included file '/global/apps/vcsmx_2016.06-SP1-1/etc/uvm-1.2/base/uvm_task_phase.svh'.
Back to file '/global/apps/vcsmx_2016.06-SP1-1/etc/uvm-1.2/base/uvm_base.svh'.
Parsing included file '/global/apps/vcsmx_2016.06-SP1-1/etc/uvm-1.2/base/uvm_common_phases.svh'.
Back to file '/global/apps/vcsmx_2016.06-SP1-1/etc/uvm-1.2/base/uvm_base.svh'.
Parsing included file '/global/apps/vcsmx_2016.06-SP1-1/etc/uvm-1.2/base/uvm_runtime_phases.svh'.
Back to file '/global/apps/vcsmx_2016.06-SP1-1/etc/uvm-1.2/base/uvm_base.svh'.
Parsing included file '/global/apps/vcsmx_2016.06-SP1-1/etc/uvm-1.2/base/uvm_component.svh'.
Parsing included file '/global/apps/vcsmx_2016.06-SP1-1/etc/uvm-1.2/base/uvm_root.svh'.
Back to file '/global/apps/vcsmx_2016.06-SP1-1/etc/uvm-1.2/base/uvm_component.svh'.
Back to file '/global/apps/vcsmx_2016.06-SP1-1/etc/uvm-1.2/base/uvm_base.svh'.
Parsing included file '/global/apps/vcsmx_2016.06-SP1-1/etc/uvm-1.2/base/uvm_objection.svh'.
Back to file '/global/apps/vcsmx_2016.06-SP1-1/etc/uvm-1.2/base/uvm_base.svh'.
Parsing included file '/global/apps/vcsmx_2016.06-SP1-1/etc/uvm-1.2/base/uvm_heartbeat.svh'.
Back to file '/global/apps/vcsmx_2016.06-SP1-1/etc/uvm-1.2/base/uvm_base.svh'.
Parsing included file '/global/apps/vcsmx_2016.06-SP1-1/etc/uvm-1.2/base/uvm_globals.svh'.
Back to file '/global/apps/vcsmx_2016.06-SP1-1/etc/uvm-1.2/base/uvm_base.svh'.
Parsing included file '/global/apps/vcsmx_2016.06-SP1-1/etc/uvm-1.2/base/uvm_cmdline_processor.svh'.
Back to file '/global/apps/vcsmx_2016.06-SP1-1/etc/uvm-1.2/base/uvm_base.svh'.
Parsing included file '/global/apps/vcsmx_2016.06-SP1-1/etc/uvm-1.2/base/uvm_traversal.svh'.
Back to file '/global/apps/vcsmx_2016.06-SP1-1/etc/uvm-1.2/base/uvm_base.svh'.
Back to file '/global/apps/vcsmx_2016.06-SP1-1/etc/uvm-1.2/uvm_pkg.sv'.
Parsing included file '/global/apps/vcsmx_2016.06-SP1-1/etc/uvm-1.2/dap/uvm_dap.svh'.
Parsing included file '/global/apps/vcsmx_2016.06-SP1-1/etc/uvm-1.2/dap/uvm_set_get_dap_base.svh'.
Back to file '/global/apps/vcsmx_2016.06-SP1-1/etc/uvm-1.2/dap/uvm_dap.svh'.
Parsing included file '/global/apps/vcsmx_2016.06-SP1-1/etc/uvm-1.2/dap/uvm_simple_lock_dap.svh'.
Back to file '/global/apps/vcsmx_2016.06-SP1-1/etc/uvm-1.2/dap/uvm_dap.svh'.
Parsing included file '/global/apps/vcsmx_2016.06-SP1-1/etc/uvm-1.2/dap/uvm_get_to_lock_dap.svh'.
Back to file '/global/apps/vcsmx_2016.06-SP1-1/etc/uvm-1.2/dap/uvm_dap.svh'.
Parsing included file '/global/apps/vcsmx_2016.06-SP1-1/etc/uvm-1.2/dap/uvm_set_before_get_dap.svh'.
Back to file '/global/apps/vcsmx_2016.06-SP1-1/etc/uvm-1.2/dap/uvm_dap.svh'.
Back to file '/global/apps/vcsmx_2016.06-SP1-1/etc/uvm-1.2/uvm_pkg.sv'.
Parsing included file '/global/apps/vcsmx_2016.06-SP1-1/etc/uvm-1.2/tlm1/uvm_tlm.svh'.
Parsing included file '/global/apps/vcsmx_2016.06-SP1-1/etc/uvm-1.2/tlm1/uvm_tlm_ifs.svh'.
Back to file '/global/apps/vcsmx_2016.06-SP1-1/etc/uvm-1.2/tlm1/uvm_tlm.svh'.
Parsing included file '/global/apps/vcsmx_2016.06-SP1-1/etc/uvm-1.2/tlm1/uvm_sqr_ifs.svh'.
Back to file '/global/apps/vcsmx_2016.06-SP1-1/etc/uvm-1.2/tlm1/uvm_tlm.svh'.
Parsing included file '/global/apps/vcsmx_2016.06-SP1-1/etc/uvm-1.2/base/uvm_port_base.svh'.
Back to file '/global/apps/vcsmx_2016.06-SP1-1/etc/uvm-1.2/tlm1/uvm_tlm.svh'.
Parsing included file '/global/apps/vcsmx_2016.06-SP1-1/etc/uvm-1.2/tlm1/uvm_tlm_imps.svh'.
Back to file '/global/apps/vcsmx_2016.06-SP1-1/etc/uvm-1.2/tlm1/uvm_tlm.svh'.
Parsing included file '/global/apps/vcsmx_2016.06-SP1-1/etc/uvm-1.2/tlm1/uvm_imps.svh'.
Back to file '/global/apps/vcsmx_2016.06-SP1-1/etc/uvm-1.2/tlm1/uvm_tlm.svh'.
Parsing included file '/global/apps/vcsmx_2016.06-SP1-1/etc/uvm-1.2/tlm1/uvm_ports.svh'.
Back to file '/global/apps/vcsmx_2016.06-SP1-1/etc/uvm-1.2/tlm1/uvm_tlm.svh'.
Parsing included file '/global/apps/vcsmx_2016.06-SP1-1/etc/uvm-1.2/tlm1/uvm_exports.svh'.
Back to file '/global/apps/vcsmx_2016.06-SP1-1/etc/uvm-1.2/tlm1/uvm_tlm.svh'.
Parsing included file '/global/apps/vcsmx_2016.06-SP1-1/etc/uvm-1.2/tlm1/uvm_analysis_port.svh'.
Back to file '/global/apps/vcsmx_2016.06-SP1-1/etc/uvm-1.2/tlm1/uvm_tlm.svh'.
Parsing included file '/global/apps/vcsmx_2016.06-SP1-1/etc/uvm-1.2/tlm1/uvm_tlm_fifo_base.svh'.
Back to file '/global/apps/vcsmx_2016.06-SP1-1/etc/uvm-1.2/tlm1/uvm_tlm.svh'.
Parsing included file '/global/apps/vcsmx_2016.06-SP1-1/etc/uvm-1.2/tlm1/uvm_tlm_fifos.svh'.
Back to file '/global/apps/vcsmx_2016.06-SP1-1/etc/uvm-1.2/tlm1/uvm_tlm.svh'.
Parsing included file '/global/apps/vcsmx_2016.06-SP1-1/etc/uvm-1.2/tlm1/uvm_tlm_req_rsp.svh'.
Back to file '/global/apps/vcsmx_2016.06-SP1-1/etc/uvm-1.2/tlm1/uvm_tlm.svh'.
Parsing included file '/global/apps/vcsmx_2016.06-SP1-1/etc/uvm-1.2/tlm1/uvm_sqr_connections.svh'.
Back to file '/global/apps/vcsmx_2016.06-SP1-1/etc/uvm-1.2/tlm1/uvm_tlm.svh'.
Back to file '/global/apps/vcsmx_2016.06-SP1-1/etc/uvm-1.2/uvm_pkg.sv'.
Parsing included file '/global/apps/vcsmx_2016.06-SP1-1/etc/uvm-1.2/comps/uvm_comps.svh'.
Parsing included file '/global/apps/vcsmx_2016.06-SP1-1/etc/uvm-1.2/comps/uvm_pair.svh'.
Back to file '/global/apps/vcsmx_2016.06-SP1-1/etc/uvm-1.2/comps/uvm_comps.svh'.
Parsing included file '/global/apps/vcsmx_2016.06-SP1-1/etc/uvm-1.2/comps/uvm_policies.svh'.
Back to file '/global/apps/vcsmx_2016.06-SP1-1/etc/uvm-1.2/comps/uvm_comps.svh'.
Parsing included file '/global/apps/vcsmx_2016.06-SP1-1/etc/uvm-1.2/comps/uvm_in_order_comparator.svh'.
Back to file '/global/apps/vcsmx_2016.06-SP1-1/etc/uvm-1.2/comps/uvm_comps.svh'.
Parsing included file '/global/apps/vcsmx_2016.06-SP1-1/etc/uvm-1.2/comps/uvm_algorithmic_comparator.svh'.
Back to file '/global/apps/vcsmx_2016.06-SP1-1/etc/uvm-1.2/comps/uvm_comps.svh'.
Parsing included file '/global/apps/vcsmx_2016.06-SP1-1/etc/uvm-1.2/comps/uvm_random_stimulus.svh'.
Back to file '/global/apps/vcsmx_2016.06-SP1-1/etc/uvm-1.2/comps/uvm_comps.svh'.
Parsing included file '/global/apps/vcsmx_2016.06-SP1-1/etc/uvm-1.2/comps/uvm_subscriber.svh'.
Back to file '/global/apps/vcsmx_2016.06-SP1-1/etc/uvm-1.2/comps/uvm_comps.svh'.
Parsing included file '/global/apps/vcsmx_2016.06-SP1-1/etc/uvm-1.2/comps/uvm_monitor.svh'.
Back to file '/global/apps/vcsmx_2016.06-SP1-1/etc/uvm-1.2/comps/uvm_comps.svh'.
Parsing included file '/global/apps/vcsmx_2016.06-SP1-1/etc/uvm-1.2/comps/uvm_driver.svh'.
Back to file '/global/apps/vcsmx_2016.06-SP1-1/etc/uvm-1.2/comps/uvm_comps.svh'.
Parsing included file '/global/apps/vcsmx_2016.06-SP1-1/etc/uvm-1.2/comps/uvm_push_driver.svh'.
Back to file '/global/apps/vcsmx_2016.06-SP1-1/etc/uvm-1.2/comps/uvm_comps.svh'.
Parsing included file '/global/apps/vcsmx_2016.06-SP1-1/etc/uvm-1.2/comps/uvm_scoreboard.svh'.
Back to file '/global/apps/vcsmx_2016.06-SP1-1/etc/uvm-1.2/comps/uvm_comps.svh'.
Parsing included file '/global/apps/vcsmx_2016.06-SP1-1/etc/uvm-1.2/comps/uvm_agent.svh'.
Back to file '/global/apps/vcsmx_2016.06-SP1-1/etc/uvm-1.2/comps/uvm_comps.svh'.
Parsing included file '/global/apps/vcsmx_2016.06-SP1-1/etc/uvm-1.2/comps/uvm_env.svh'.
Back to file '/global/apps/vcsmx_2016.06-SP1-1/etc/uvm-1.2/comps/uvm_comps.svh'.
Parsing included file '/global/apps/vcsmx_2016.06-SP1-1/etc/uvm-1.2/comps/uvm_test.svh'.
Back to file '/global/apps/vcsmx_2016.06-SP1-1/etc/uvm-1.2/comps/uvm_comps.svh'.
Back to file '/global/apps/vcsmx_2016.06-SP1-1/etc/uvm-1.2/uvm_pkg.sv'.
Parsing included file '/global/apps/vcsmx_2016.06-SP1-1/etc/uvm-1.2/seq/uvm_seq.svh'.
Parsing included file '/global/apps/vcsmx_2016.06-SP1-1/etc/uvm-1.2/seq/uvm_sequence_item.svh'.
Back to file '/global/apps/vcsmx_2016.06-SP1-1/etc/uvm-1.2/seq/uvm_seq.svh'.
Parsing included file '/global/apps/vcsmx_2016.06-SP1-1/etc/uvm-1.2/seq/uvm_sequencer_base.svh'.
Back to file '/global/apps/vcsmx_2016.06-SP1-1/etc/uvm-1.2/seq/uvm_seq.svh'.
Parsing included file '/global/apps/vcsmx_2016.06-SP1-1/etc/uvm-1.2/seq/uvm_sequencer_analysis_fifo.svh'.
Back to file '/global/apps/vcsmx_2016.06-SP1-1/etc/uvm-1.2/seq/uvm_seq.svh'.
Parsing included file '/global/apps/vcsmx_2016.06-SP1-1/etc/uvm-1.2/seq/uvm_sequencer_param_base.svh'.
Back to file '/global/apps/vcsmx_2016.06-SP1-1/etc/uvm-1.2/seq/uvm_seq.svh'.
Parsing included file '/global/apps/vcsmx_2016.06-SP1-1/etc/uvm-1.2/seq/uvm_sequencer.svh'.
Back to file '/global/apps/vcsmx_2016.06-SP1-1/etc/uvm-1.2/seq/uvm_seq.svh'.
Parsing included file '/global/apps/vcsmx_2016.06-SP1-1/etc/uvm-1.2/seq/uvm_push_sequencer.svh'.
Back to file '/global/apps/vcsmx_2016.06-SP1-1/etc/uvm-1.2/seq/uvm_seq.svh'.
Parsing included file '/global/apps/vcsmx_2016.06-SP1-1/etc/uvm-1.2/seq/uvm_sequence_base.svh'.
Back to file '/global/apps/vcsmx_2016.06-SP1-1/etc/uvm-1.2/seq/uvm_seq.svh'.
Parsing included file '/global/apps/vcsmx_2016.06-SP1-1/etc/uvm-1.2/seq/uvm_sequence.svh'.
Back to file '/global/apps/vcsmx_2016.06-SP1-1/etc/uvm-1.2/seq/uvm_seq.svh'.
Parsing included file '/global/apps/vcsmx_2016.06-SP1-1/etc/uvm-1.2/seq/uvm_sequence_library.svh'.
Back to file '/global/apps/vcsmx_2016.06-SP1-1/etc/uvm-1.2/seq/uvm_seq.svh'.
Parsing included file '/global/apps/vcsmx_2016.06-SP1-1/etc/uvm-1.2/seq/uvm_sequence_builtin.svh'.
Back to file '/global/apps/vcsmx_2016.06-SP1-1/etc/uvm-1.2/seq/uvm_seq.svh'.
Back to file '/global/apps/vcsmx_2016.06-SP1-1/etc/uvm-1.2/uvm_pkg.sv'.
Parsing included file '/global/apps/vcsmx_2016.06-SP1-1/etc/uvm-1.2/tlm2/uvm_tlm2.svh'.
Parsing included file '/global/apps/vcsmx_2016.06-SP1-1/etc/uvm-1.2/tlm2/uvm_tlm2_defines.svh'.
Back to file '/global/apps/vcsmx_2016.06-SP1-1/etc/uvm-1.2/tlm2/uvm_tlm2.svh'.
Parsing included file '/global/apps/vcsmx_2016.06-SP1-1/etc/uvm-1.2/tlm2/uvm_tlm2_time.svh'.
Back to file '/global/apps/vcsmx_2016.06-SP1-1/etc/uvm-1.2/tlm2/uvm_tlm2.svh'.
Parsing included file '/global/apps/vcsmx_2016.06-SP1-1/etc/uvm-1.2/tlm2/uvm_tlm2_generic_payload.svh'.
Back to file '/global/apps/vcsmx_2016.06-SP1-1/etc/uvm-1.2/tlm2/uvm_tlm2.svh'.
Parsing included file '/global/apps/vcsmx_2016.06-SP1-1/etc/uvm-1.2/tlm2/uvm_tlm2_ifs.svh'.
Back to file '/global/apps/vcsmx_2016.06-SP1-1/etc/uvm-1.2/tlm2/uvm_tlm2.svh'.
Parsing included file '/global/apps/vcsmx_2016.06-SP1-1/etc/uvm-1.2/tlm2/uvm_tlm2_imps.svh'.
Back to file '/global/apps/vcsmx_2016.06-SP1-1/etc/uvm-1.2/tlm2/uvm_tlm2.svh'.
Parsing included file '/global/apps/vcsmx_2016.06-SP1-1/etc/uvm-1.2/tlm2/uvm_tlm2_ports.svh'.
Back to file '/global/apps/vcsmx_2016.06-SP1-1/etc/uvm-1.2/tlm2/uvm_tlm2.svh'.
Parsing included file '/global/apps/vcsmx_2016.06-SP1-1/etc/uvm-1.2/tlm2/uvm_tlm2_exports.svh'.
Back to file '/global/apps/vcsmx_2016.06-SP1-1/etc/uvm-1.2/tlm2/uvm_tlm2.svh'.
Parsing included file '/global/apps/vcsmx_2016.06-SP1-1/etc/uvm-1.2/tlm2/uvm_tlm2_sockets_base.svh'.
Back to file '/global/apps/vcsmx_2016.06-SP1-1/etc/uvm-1.2/tlm2/uvm_tlm2.svh'.
Parsing included file '/global/apps/vcsmx_2016.06-SP1-1/etc/uvm-1.2/tlm2/uvm_tlm2_sockets.svh'.
Back to file '/global/apps/vcsmx_2016.06-SP1-1/etc/uvm-1.2/tlm2/uvm_tlm2.svh'.
Back to file '/global/apps/vcsmx_2016.06-SP1-1/etc/uvm-1.2/uvm_pkg.sv'.
Parsing included file '/global/apps/vcsmx_2016.06-SP1-1/etc/uvm-1.2/reg/uvm_reg_model.svh'.
Parsing included file '/global/apps/vcsmx_2016.06-SP1-1/etc/uvm-1.2/reg/uvm_reg_item.svh'.
Back to file '/global/apps/vcsmx_2016.06-SP1-1/etc/uvm-1.2/reg/uvm_reg_model.svh'.
Parsing included file '/global/apps/vcsmx_2016.06-SP1-1/etc/uvm-1.2/reg/uvm_reg_adapter.svh'.
Back to file '/global/apps/vcsmx_2016.06-SP1-1/etc/uvm-1.2/reg/uvm_reg_model.svh'.
Parsing included file '/global/apps/vcsmx_2016.06-SP1-1/etc/uvm-1.2/reg/uvm_reg_predictor.svh'.
Back to file '/global/apps/vcsmx_2016.06-SP1-1/etc/uvm-1.2/reg/uvm_reg_model.svh'.
Parsing included file '/global/apps/vcsmx_2016.06-SP1-1/etc/uvm-1.2/reg/uvm_reg_sequence.svh'.
Back to file '/global/apps/vcsmx_2016.06-SP1-1/etc/uvm-1.2/reg/uvm_reg_model.svh'.
Parsing included file '/global/apps/vcsmx_2016.06-SP1-1/etc/uvm-1.2/reg/uvm_reg_cbs.svh'.
Back to file '/global/apps/vcsmx_2016.06-SP1-1/etc/uvm-1.2/reg/uvm_reg_model.svh'.
Parsing included file '/global/apps/vcsmx_2016.06-SP1-1/etc/uvm-1.2/reg/uvm_reg_backdoor.svh'.
Back to file '/global/apps/vcsmx_2016.06-SP1-1/etc/uvm-1.2/reg/uvm_reg_model.svh'.
Parsing included file '/global/apps/vcsmx_2016.06-SP1-1/etc/uvm-1.2/reg/uvm_reg_field.svh'.
Back to file '/global/apps/vcsmx_2016.06-SP1-1/etc/uvm-1.2/reg/uvm_reg_model.svh'.
Parsing included file '/global/apps/vcsmx_2016.06-SP1-1/etc/uvm-1.2/reg/uvm_vreg_field.svh'.
Back to file '/global/apps/vcsmx_2016.06-SP1-1/etc/uvm-1.2/reg/uvm_reg_model.svh'.
Parsing included file '/global/apps/vcsmx_2016.06-SP1-1/etc/uvm-1.2/reg/uvm_reg.svh'.
Back to file '/global/apps/vcsmx_2016.06-SP1-1/etc/uvm-1.2/reg/uvm_reg_model.svh'.
Parsing included file '/global/apps/vcsmx_2016.06-SP1-1/etc/uvm-1.2/reg/uvm_reg_indirect.svh'.
Back to file '/global/apps/vcsmx_2016.06-SP1-1/etc/uvm-1.2/reg/uvm_reg_model.svh'.
Parsing included file '/global/apps/vcsmx_2016.06-SP1-1/etc/uvm-1.2/reg/uvm_reg_fifo.svh'.
Back to file '/global/apps/vcsmx_2016.06-SP1-1/etc/uvm-1.2/reg/uvm_reg_model.svh'.
Parsing included file '/global/apps/vcsmx_2016.06-SP1-1/etc/uvm-1.2/reg/uvm_reg_file.svh'.
Back to file '/global/apps/vcsmx_2016.06-SP1-1/etc/uvm-1.2/reg/uvm_reg_model.svh'.
Parsing included file '/global/apps/vcsmx_2016.06-SP1-1/etc/uvm-1.2/reg/uvm_mem_mam.svh'.
Back to file '/global/apps/vcsmx_2016.06-SP1-1/etc/uvm-1.2/reg/uvm_reg_model.svh'.
Parsing included file '/global/apps/vcsmx_2016.06-SP1-1/etc/uvm-1.2/reg/uvm_vreg.svh'.
Back to file '/global/apps/vcsmx_2016.06-SP1-1/etc/uvm-1.2/reg/uvm_reg_model.svh'.
Parsing included file '/global/apps/vcsmx_2016.06-SP1-1/etc/uvm-1.2/reg/uvm_mem.svh'.
Back to file '/global/apps/vcsmx_2016.06-SP1-1/etc/uvm-1.2/reg/uvm_reg_model.svh'.
Parsing included file '/global/apps/vcsmx_2016.06-SP1-1/etc/uvm-1.2/reg/uvm_reg_map.svh'.
Back to file '/global/apps/vcsmx_2016.06-SP1-1/etc/uvm-1.2/reg/uvm_reg_model.svh'.
Parsing included file '/global/apps/vcsmx_2016.06-SP1-1/etc/uvm-1.2/reg/uvm_reg_block.svh'.
Back to file '/global/apps/vcsmx_2016.06-SP1-1/etc/uvm-1.2/reg/uvm_reg_model.svh'.
Parsing included file '/global/apps/vcsmx_2016.06-SP1-1/etc/uvm-1.2/reg/sequences/uvm_reg_hw_reset_seq.svh'.
Back to file '/global/apps/vcsmx_2016.06-SP1-1/etc/uvm-1.2/reg/uvm_reg_model.svh'.
Parsing included file '/global/apps/vcsmx_2016.06-SP1-1/etc/uvm-1.2/reg/sequences/uvm_reg_bit_bash_seq.svh'.
Back to file '/global/apps/vcsmx_2016.06-SP1-1/etc/uvm-1.2/reg/uvm_reg_model.svh'.
Parsing included file '/global/apps/vcsmx_2016.06-SP1-1/etc/uvm-1.2/reg/sequences/uvm_mem_walk_seq.svh'.
Back to file '/global/apps/vcsmx_2016.06-SP1-1/etc/uvm-1.2/reg/uvm_reg_model.svh'.
Parsing included file '/global/apps/vcsmx_2016.06-SP1-1/etc/uvm-1.2/reg/sequences/uvm_mem_access_seq.svh'.
Back to file '/global/apps/vcsmx_2016.06-SP1-1/etc/uvm-1.2/reg/uvm_reg_model.svh'.
Parsing included file '/global/apps/vcsmx_2016.06-SP1-1/etc/uvm-1.2/reg/sequences/uvm_reg_access_seq.svh'.
Back to file '/global/apps/vcsmx_2016.06-SP1-1/etc/uvm-1.2/reg/uvm_reg_model.svh'.
Parsing included file '/global/apps/vcsmx_2016.06-SP1-1/etc/uvm-1.2/reg/sequences/uvm_reg_mem_shared_access_seq.svh'.
Back to file '/global/apps/vcsmx_2016.06-SP1-1/etc/uvm-1.2/reg/uvm_reg_model.svh'.
Parsing included file '/global/apps/vcsmx_2016.06-SP1-1/etc/uvm-1.2/reg/sequences/uvm_reg_mem_built_in_seq.svh'.
Back to file '/global/apps/vcsmx_2016.06-SP1-1/etc/uvm-1.2/reg/uvm_reg_model.svh'.
Parsing included file '/global/apps/vcsmx_2016.06-SP1-1/etc/uvm-1.2/reg/sequences/uvm_reg_mem_hdl_paths_seq.svh'.
Back to file '/global/apps/vcsmx_2016.06-SP1-1/etc/uvm-1.2/reg/uvm_reg_model.svh'.
Parsing included file '/global/apps/vcsmx_2016.06-SP1-1/etc/uvm-1.2/reg/snps_uvm_reg_bank.svh'.
Back to file '/global/apps/vcsmx_2016.06-SP1-1/etc/uvm-1.2/reg/uvm_reg_model.svh'.
Back to file '/global/apps/vcsmx_2016.06-SP1-1/etc/uvm-1.2/uvm_pkg.sv'.
Parsing design file '/global/apps/vcsmx_2016.06-SP1-1/etc/uvm-1.2/vcs/uvm_custom_install_vcs_recorder.sv'
Parsing included file '/global/apps/vcsmx_2016.06-SP1-1/etc/uvm-1.2/vcs/msglog.svh'.
Back to file '/global/apps/vcsmx_2016.06-SP1-1/etc/uvm-1.2/vcs/uvm_custom_install_vcs_recorder.sv'.
Parsing included file '/global/apps/vcsmx_2016.06-SP1-1/etc/uvm-1.2/vcs/uvm_msglog_report_server.sv'.
Back to file '/global/apps/vcsmx_2016.06-SP1-1/etc/uvm-1.2/vcs/uvm_custom_install_vcs_recorder.sv'.
Parsing included file '/global/apps/vcsmx_2016.06-SP1-1/etc/uvm-1.2/vcs/uvm_vcs_recorder.svh'.
Parsing included file '/global/apps/vcsmx_2016.06-SP1-1/etc/uvm-1.2/vcs/uvm_vcs_tr_database.svh'.
Parsing included file '/global/apps/vcsmx_2016.06-SP1-1/etc/uvm-1.2/vcs/uvm_vcs_tr_stream.svh'.
Back to file '/global/apps/vcsmx_2016.06-SP1-1/etc/uvm-1.2/vcs/uvm_vcs_tr_database.svh'.
Back to file '/global/apps/vcsmx_2016.06-SP1-1/etc/uvm-1.2/vcs/uvm_vcs_recorder.svh'.
Back to file '/global/apps/vcsmx_2016.06-SP1-1/etc/uvm-1.2/vcs/uvm_custom_install_vcs_recorder.sv'.
Parsing included file '/global/apps/vcsmx_2016.06-SP1-1/etc/uvm-1.2/vcs/uvm_vcs_record_interface.sv'.
Parsing included file '/global/apps/vcsmx_2016.06-SP1-1/etc/uvm-1.2/macros/uvm_global_defines.svh'.
Back to file '/global/apps/vcsmx_2016.06-SP1-1/etc/uvm-1.2/vcs/uvm_vcs_record_interface.sv'.
Back to file '/global/apps/vcsmx_2016.06-SP1-1/etc/uvm-1.2/vcs/uvm_custom_install_vcs_recorder.sv'.
Parsing design file '../tests/wb_env_tb_mod.sv'
Parsing included file '../include/mstr_slv_intfs.incl'.
Parsing included file '../src/wb_master_if.sv'.
Back to file '../include/mstr_slv_intfs.incl'.
Parsing included file '../src/wb_slave_if.sv'.
Back to file '../include/mstr_slv_intfs.incl'.
Back to file '../tests/wb_env_tb_mod.sv'.
Parsing included file '../env/wb_env_env.sv'.
Parsing included file '../include/wb_env.sv'.
Parsing included file '../include/mstr_slv_src.incl'.
Parsing included file '../src/wb_master_mon.sv'.
Back to file '../include/mstr_slv_src.incl'.
Parsing included file '../src/wb_master_seqr.sv'.
Back to file '../include/mstr_slv_src.incl'.
Parsing included file '../src/wb_transaction.sv'.
Back to file '../include/mstr_slv_src.incl'.
Parsing included file '../src/wb_master.sv'.
Back to file '../include/mstr_slv_src.incl'.
Parsing included file '../src/wb_master_agent.sv'.
Back to file '../include/mstr_slv_src.incl'.
Parsing included file '../src/wb_transaction.sv'.
Back to file '../include/mstr_slv_src.incl'.
Parsing included file '../src/wb_slave_mon.sv'.
Back to file '../include/mstr_slv_src.incl'.
Parsing included file '../src/wb_slave.sv'.
Back to file '../include/mstr_slv_src.incl'.
Parsing included file '../src/wb_slave_agent.sv'.
Back to file '../include/mstr_slv_src.incl'.
Parsing included file '../src/wb_config.sv'.
Back to file '../include/mstr_slv_src.incl'.
Parsing included file '../src/wb_master_agent_sequence_library.sv'.
Back to file '../include/mstr_slv_src.incl'.
Back to file '../include/wb_env.sv'.
Parsing included file '../src/wb_env_cfg.sv'.
Back to file '../include/wb_env.sv'.
Parsing included file '../src/wb_env_cov.sv'.
Back to file '../include/wb_env.sv'.
Parsing included file '../src/mon_2cov.sv'.
Back to file '../include/wb_env.sv'.
Parsing included file '../src/wb_scoreboard.sv'.
Back to file '../include/wb_env.sv'.
Back to file '../env/wb_env_env.sv'.
Back to file '../tests/wb_env_tb_mod.sv'.
Parsing included file '../tests/wb_env_test.sv'.
Back to file '../tests/wb_env_tb_mod.sv'.
Parsing included file '../tests/wb_env_test_phase_cb.sv'.
Back to file '../tests/wb_env_tb_mod.sv'.
Parsing design file '../hdl/wb_env_top.sv'
Parsing design file '../hdl/dut.v'
Parsing included file '../src/wb_master_if.sv'.
Back to file '../hdl/dut.v'.
Parsing included file '../src/wb_slave_if.sv'.
Back to file '../hdl/dut.v'.
Top Level Modules:
       uvm_custom_install_recording
       wb_env_top_mod
No TimeScale specified
Starting vcs inline pass...
9 unique modules to generate
recompiling package vcs_paramclassrepository
recompiling package _vcs_DPI_package
recompiling package uvm_pkg
recompiling package _vcs_msglog
recompiling module uvm_custom_install_recording
recompiling module wb_master_if
recompiling module wb_slave_if
recompiling module wb_env_tb_mod
recompiling module wb_env_top_mod
All of 9 modules done
make[1]: Entering directory `/slowfs/vgcs13/srivats/clone_me/Practical_UVM_EXAMPLES/Part_1/uvm_scoreboard_phase_callbacks/run/csrc' \

rm -f _csrc*.so pre_vcsobj_*.so share_vcsobj_*.so
g++ -w  -pipe -m32 -DVCSMX -O -I/global/apps/vcsmx_2016.06-SP1-1/include    -c /global/apps/vcsmx_2016.06-SP1-1/etc/uvm-1.2/dpi/uvm_dpi.cc \

if [ -x ../simv ]; then chmod -x ../simv; fi
g++  -o ../simv   -Wl,-rpath-link=./ -Wl,-rpath='$ORIGIN'/simv.daidir/ -Wl,-rpath=./simv.daidir/ \
-Wl,-rpath='$ORIGIN'/simv.daidir//scsim.db.dir  -m32 -m32 -rdynamic  uvm_dpi.o   \
objs/amcQw_d.o   _32465_archive_1.so  SIM_l.o      rmapats_mop.o rmapats.o rmar.o \
rmar_llvm_0_1.o rmar_llvm_0_0.o          /global/apps/vcsmx_2016.06-SP1-1/linux/lib/libzerosoft_rt_stubs.so \
/global/apps/vcsmx_2016.06-SP1-1/linux/lib/libvirsim.so /global/apps/vcsmx_2016.06-SP1-1/linux/lib/liberrorinf.so \
/global/apps/vcsmx_2016.06-SP1-1/linux/lib/libsnpsmalloc.so    /global/apps/vcsmx_2016.06-SP1-1/linux/lib/libvcsnew.so \
/global/apps/vcsmx_2016.06-SP1-1/linux/lib/libsimprofile.so /global/apps/vcsmx_2016.06-SP1-1/linux/lib/libuclinative.so \
-Wl,-whole-archive /global/apps/vcsmx_2016.06-SP1-1/linux/lib/libvcsucli.so -Wl,-no-whole-archive \
./../simv.daidir/vc_hdrs.o    /global/apps/vcsmx_2016.06-SP1-1/linux/lib/vcs_save_restore_new.o \
/global/apps/vcsmx_2016.06-SP1-1/linux/lib/ctype-stubs_32.a -ldl  -lc -lm -lpthread \
-ldl 
../simv up to date
make[1]: Leaving directory `/slowfs/vgcs13/srivats/clone_me/Practical_UVM_EXAMPLES/Part_1/uvm_scoreboard_phase_callbacks/run/csrc' \

CPU time: 10.560 seconds to compile + .321 seconds to elab + .497 seconds to link
