============== WISHBONE Slave Bus Monitor error log ==============
 
   Only ERRONEOUS conditions are logged !
 
Time:           1399245000
tb_ethernet.wb_eth_slave_bus_mon.message_out, Master violated WISHBONE protocol by changing the value of TAG_O signals at inappropriate time!
Time:           1399305000
tb_ethernet.wb_eth_slave_bus_mon.message_out, Master violated WISHBONE protocol by NOT changing the CTI_O signals to '111' when end of burst!
CTI_O didn't change to '111' when end of burst
Time:           1399425000
tb_ethernet.wb_eth_slave_bus_mon.message_out, Master violated WISHBONE protocol by changing the value of TAG_O signals at inappropriate time!
Time:           1399485000
tb_ethernet.wb_eth_slave_bus_mon.message_out, Master violated WISHBONE protocol by changing the value of TAG_O signals at inappropriate time!
Time:           1399515000
tb_ethernet.wb_eth_slave_bus_mon.message_out, Master violated WISHBONE protocol by changing the value of TAG_O signals at inappropriate time!
Time:           1399545000
tb_ethernet.wb_eth_slave_bus_mon.message_out, Master violated WISHBONE protocol by NOT changing the CTI_O signals to '111' when end of burst!
CTI_O didn't change to '111' when end of burst
Time:           1399695000
tb_ethernet.wb_eth_slave_bus_mon.message_out, Master violated WISHBONE protocol by changing the value of TAG_O signals at inappropriate time!
Time:           1399755000
tb_ethernet.wb_eth_slave_bus_mon.message_out, Master violated WISHBONE protocol by changing the value of TAG_O signals at inappropriate time!
Time:           1399965000
tb_ethernet.wb_eth_slave_bus_mon.message_out, Master violated WISHBONE protocol by changing the value of TAG_O signals at inappropriate time!
Time:           1464165000
tb_ethernet.wb_eth_slave_bus_mon.message_out, Master violated WISHBONE protocol by changing the value of TAG_O signals at inappropriate time!
Time:           1464225000
tb_ethernet.wb_eth_slave_bus_mon.message_out, Master violated WISHBONE protocol by NOT changing the CTI_O signals to '111' when end of burst!
CTI_O didn't change to '111' when end of burst
Time:           1464345000
tb_ethernet.wb_eth_slave_bus_mon.message_out, Master violated WISHBONE protocol by changing the value of TAG_O signals at inappropriate time!
Time:           1464405000
tb_ethernet.wb_eth_slave_bus_mon.message_out, Master violated WISHBONE protocol by changing the value of TAG_O signals at inappropriate time!
Time:           1464435000
tb_ethernet.wb_eth_slave_bus_mon.message_out, Master violated WISHBONE protocol by changing the value of TAG_O signals at inappropriate time!
Time:           1464465000
tb_ethernet.wb_eth_slave_bus_mon.message_out, Master violated WISHBONE protocol by NOT changing the CTI_O signals to '111' when end of burst!
CTI_O didn't change to '111' when end of burst
Time:           1464615000
tb_ethernet.wb_eth_slave_bus_mon.message_out, Master violated WISHBONE protocol by changing the value of TAG_O signals at inappropriate time!
Time:           1464675000
tb_ethernet.wb_eth_slave_bus_mon.message_out, Master violated WISHBONE protocol by changing the value of TAG_O signals at inappropriate time!
Time:           1464885000
tb_ethernet.wb_eth_slave_bus_mon.message_out, Master violated WISHBONE protocol by changing the value of TAG_O signals at inappropriate time!
Time:           1531365000
tb_ethernet.wb_eth_slave_bus_mon.message_out, Master violated WISHBONE protocol by changing the value of TAG_O signals at inappropriate time!
Time:           1531425000
tb_ethernet.wb_eth_slave_bus_mon.message_out, Master violated WISHBONE protocol by NOT changing the CTI_O signals to '111' when end of burst!
CTI_O didn't change to '111' when end of burst
Time:           1531545000
tb_ethernet.wb_eth_slave_bus_mon.message_out, Master violated WISHBONE protocol by changing the value of TAG_O signals at inappropriate time!
Time:           1531605000
tb_ethernet.wb_eth_slave_bus_mon.message_out, Master violated WISHBONE protocol by changing the value of TAG_O signals at inappropriate time!
Time:           1531635000
tb_ethernet.wb_eth_slave_bus_mon.message_out, Master violated WISHBONE protocol by changing the value of TAG_O signals at inappropriate time!
Time:           1531665000
tb_ethernet.wb_eth_slave_bus_mon.message_out, Master violated WISHBONE protocol by NOT changing the CTI_O signals to '111' when end of burst!
CTI_O didn't change to '111' when end of burst
Time:           1531815000
tb_ethernet.wb_eth_slave_bus_mon.message_out, Master violated WISHBONE protocol by changing the value of TAG_O signals at inappropriate time!
Time:           1531875000
tb_ethernet.wb_eth_slave_bus_mon.message_out, Master violated WISHBONE protocol by changing the value of TAG_O signals at inappropriate time!
Time:           1532085000
tb_ethernet.wb_eth_slave_bus_mon.message_out, Master violated WISHBONE protocol by changing the value of TAG_O signals at inappropriate time!
Time:           1599045000
tb_ethernet.wb_eth_slave_bus_mon.message_out, Master violated WISHBONE protocol by changing the value of TAG_O signals at inappropriate time!
Time:           1599105000
tb_ethernet.wb_eth_slave_bus_mon.message_out, Master violated WISHBONE protocol by NOT changing the CTI_O signals to '111' when end of burst!
CTI_O didn't change to '111' when end of burst
Time:           1599225000
tb_ethernet.wb_eth_slave_bus_mon.message_out, Master violated WISHBONE protocol by changing the value of TAG_O signals at inappropriate time!
Time:           1599285000
tb_ethernet.wb_eth_slave_bus_mon.message_out, Master violated WISHBONE protocol by changing the value of TAG_O signals at inappropriate time!
Time:           1599315000
tb_ethernet.wb_eth_slave_bus_mon.message_out, Master violated WISHBONE protocol by changing the value of TAG_O signals at inappropriate time!
Time:           1599345000
tb_ethernet.wb_eth_slave_bus_mon.message_out, Master violated WISHBONE protocol by NOT changing the CTI_O signals to '111' when end of burst!
CTI_O didn't change to '111' when end of burst
Time:           1599495000
tb_ethernet.wb_eth_slave_bus_mon.message_out, Master violated WISHBONE protocol by changing the value of TAG_O signals at inappropriate time!
Time:           1599555000
tb_ethernet.wb_eth_slave_bus_mon.message_out, Master violated WISHBONE protocol by changing the value of TAG_O signals at inappropriate time!
Time:           1599765000
tb_ethernet.wb_eth_slave_bus_mon.message_out, Master violated WISHBONE protocol by changing the value of TAG_O signals at inappropriate time!
Time:           1600035000
tb_ethernet.wb_eth_slave_bus_mon.message_out, Master violated WISHBONE protocol by changing the value of TAG_O signals at inappropriate time!
Time:           1667445000
tb_ethernet.wb_eth_slave_bus_mon.message_out, Master violated WISHBONE protocol by changing the value of TAG_O signals at inappropriate time!
Time:           1667505000
tb_ethernet.wb_eth_slave_bus_mon.message_out, Master violated WISHBONE protocol by NOT changing the CTI_O signals to '111' when end of burst!
CTI_O didn't change to '111' when end of burst
Time:           1736565000
tb_ethernet.wb_eth_slave_bus_mon.message_out, Master violated WISHBONE protocol by changing the value of TAG_O signals at inappropriate time!
Time:           1736625000
tb_ethernet.wb_eth_slave_bus_mon.message_out, Master violated WISHBONE protocol by NOT changing the CTI_O signals to '111' when end of burst!
CTI_O didn't change to '111' when end of burst
Time:           1806645000
tb_ethernet.wb_eth_slave_bus_mon.message_out, Master violated WISHBONE protocol by changing the value of TAG_O signals at inappropriate time!
Time:           1806705000
tb_ethernet.wb_eth_slave_bus_mon.message_out, Master violated WISHBONE protocol by NOT changing the CTI_O signals to '111' when end of burst!
CTI_O didn't change to '111' when end of burst
Time:           1877445000
tb_ethernet.wb_eth_slave_bus_mon.message_out, Master violated WISHBONE protocol by changing the value of TAG_O signals at inappropriate time!
Time:           1877505000
tb_ethernet.wb_eth_slave_bus_mon.message_out, Master violated WISHBONE protocol by NOT changing the CTI_O signals to '111' when end of burst!
CTI_O didn't change to '111' when end of burst
Time:           1948965000
tb_ethernet.wb_eth_slave_bus_mon.message_out, Master violated WISHBONE protocol by changing the value of TAG_O signals at inappropriate time!
Time:           1949025000
tb_ethernet.wb_eth_slave_bus_mon.message_out, Master violated WISHBONE protocol by NOT changing the CTI_O signals to '111' when end of burst!
CTI_O didn't change to '111' when end of burst
Time:           2021445000
tb_ethernet.wb_eth_slave_bus_mon.message_out, Master violated WISHBONE protocol by changing the value of TAG_O signals at inappropriate time!
Time:           2021505000
tb_ethernet.wb_eth_slave_bus_mon.message_out, Master violated WISHBONE protocol by NOT changing the CTI_O signals to '111' when end of burst!
CTI_O didn't change to '111' when end of burst
Time:           2094645000
tb_ethernet.wb_eth_slave_bus_mon.message_out, Master violated WISHBONE protocol by changing the value of TAG_O signals at inappropriate time!
Time:           2094705000
tb_ethernet.wb_eth_slave_bus_mon.message_out, Master violated WISHBONE protocol by NOT changing the CTI_O signals to '111' when end of burst!
CTI_O didn't change to '111' when end of burst
Time:           2168565000
tb_ethernet.wb_eth_slave_bus_mon.message_out, Master violated WISHBONE protocol by changing the value of TAG_O signals at inappropriate time!
Time:           2168625000
tb_ethernet.wb_eth_slave_bus_mon.message_out, Master violated WISHBONE protocol by NOT changing the CTI_O signals to '111' when end of burst!
CTI_O didn't change to '111' when end of burst
Time:           2243445000
tb_ethernet.wb_eth_slave_bus_mon.message_out, Master violated WISHBONE protocol by changing the value of TAG_O signals at inappropriate time!
Time:           2243505000
tb_ethernet.wb_eth_slave_bus_mon.message_out, Master violated WISHBONE protocol by NOT changing the CTI_O signals to '111' when end of burst!
CTI_O didn't change to '111' when end of burst
Time:           2319045000
tb_ethernet.wb_eth_slave_bus_mon.message_out, Master violated WISHBONE protocol by changing the value of TAG_O signals at inappropriate time!
Time:           2319105000
tb_ethernet.wb_eth_slave_bus_mon.message_out, Master violated WISHBONE protocol by NOT changing the CTI_O signals to '111' when end of burst!
CTI_O didn't change to '111' when end of burst
Time:           2395365000
tb_ethernet.wb_eth_slave_bus_mon.message_out, Master violated WISHBONE protocol by changing the value of TAG_O signals at inappropriate time!
Time:           2395425000
tb_ethernet.wb_eth_slave_bus_mon.message_out, Master violated WISHBONE protocol by NOT changing the CTI_O signals to '111' when end of burst!
CTI_O didn't change to '111' when end of burst
Time:           2472645000
tb_ethernet.wb_eth_slave_bus_mon.message_out, Master violated WISHBONE protocol by changing the value of TAG_O signals at inappropriate time!
Time:           2472705000
tb_ethernet.wb_eth_slave_bus_mon.message_out, Master violated WISHBONE protocol by NOT changing the CTI_O signals to '111' when end of burst!
CTI_O didn't change to '111' when end of burst
Time:           2550645000
tb_ethernet.wb_eth_slave_bus_mon.message_out, Master violated WISHBONE protocol by changing the value of TAG_O signals at inappropriate time!
Time:           2550705000
tb_ethernet.wb_eth_slave_bus_mon.message_out, Master violated WISHBONE protocol by NOT changing the CTI_O signals to '111' when end of burst!
CTI_O didn't change to '111' when end of burst
Time:           2629365000
tb_ethernet.wb_eth_slave_bus_mon.message_out, Master violated WISHBONE protocol by changing the value of TAG_O signals at inappropriate time!
Time:           2629425000
tb_ethernet.wb_eth_slave_bus_mon.message_out, Master violated WISHBONE protocol by NOT changing the CTI_O signals to '111' when end of burst!
CTI_O didn't change to '111' when end of burst
Time:           2709045000
tb_ethernet.wb_eth_slave_bus_mon.message_out, Master violated WISHBONE protocol by changing the value of TAG_O signals at inappropriate time!
Time:           2709105000
tb_ethernet.wb_eth_slave_bus_mon.message_out, Master violated WISHBONE protocol by NOT changing the CTI_O signals to '111' when end of burst!
CTI_O didn't change to '111' when end of burst
Time:           2789445000
tb_ethernet.wb_eth_slave_bus_mon.message_out, Master violated WISHBONE protocol by changing the value of TAG_O signals at inappropriate time!
Time:           2789505000
tb_ethernet.wb_eth_slave_bus_mon.message_out, Master violated WISHBONE protocol by NOT changing the CTI_O signals to '111' when end of burst!
CTI_O didn't change to '111' when end of burst
Time:           2870565000
tb_ethernet.wb_eth_slave_bus_mon.message_out, Master violated WISHBONE protocol by changing the value of TAG_O signals at inappropriate time!
Time:           2870625000
tb_ethernet.wb_eth_slave_bus_mon.message_out, Master violated WISHBONE protocol by NOT changing the CTI_O signals to '111' when end of burst!
CTI_O didn't change to '111' when end of burst
Time:           2952645000
tb_ethernet.wb_eth_slave_bus_mon.message_out, Master violated WISHBONE protocol by changing the value of TAG_O signals at inappropriate time!
Time:           2952705000
tb_ethernet.wb_eth_slave_bus_mon.message_out, Master violated WISHBONE protocol by NOT changing the CTI_O signals to '111' when end of burst!
CTI_O didn't change to '111' when end of burst
Time:           3035445000
tb_ethernet.wb_eth_slave_bus_mon.message_out, Master violated WISHBONE protocol by changing the value of TAG_O signals at inappropriate time!
Time:           3035505000
tb_ethernet.wb_eth_slave_bus_mon.message_out, Master violated WISHBONE protocol by NOT changing the CTI_O signals to '111' when end of burst!
CTI_O didn't change to '111' when end of burst
Time:           3118965000
tb_ethernet.wb_eth_slave_bus_mon.message_out, Master violated WISHBONE protocol by changing the value of TAG_O signals at inappropriate time!
Time:           3119025000
tb_ethernet.wb_eth_slave_bus_mon.message_out, Master violated WISHBONE protocol by NOT changing the CTI_O signals to '111' when end of burst!
CTI_O didn't change to '111' when end of burst
Time:           3203445000
tb_ethernet.wb_eth_slave_bus_mon.message_out, Master violated WISHBONE protocol by changing the value of TAG_O signals at inappropriate time!
Time:           3203505000
tb_ethernet.wb_eth_slave_bus_mon.message_out, Master violated WISHBONE protocol by NOT changing the CTI_O signals to '111' when end of burst!
CTI_O didn't change to '111' when end of burst
Time:           3288645000
tb_ethernet.wb_eth_slave_bus_mon.message_out, Master violated WISHBONE protocol by changing the value of TAG_O signals at inappropriate time!
Time:           3288705000
tb_ethernet.wb_eth_slave_bus_mon.message_out, Master violated WISHBONE protocol by NOT changing the CTI_O signals to '111' when end of burst!
CTI_O didn't change to '111' when end of burst
Time:           3374565000
tb_ethernet.wb_eth_slave_bus_mon.message_out, Master violated WISHBONE protocol by changing the value of TAG_O signals at inappropriate time!
Time:           3374625000
tb_ethernet.wb_eth_slave_bus_mon.message_out, Master violated WISHBONE protocol by NOT changing the CTI_O signals to '111' when end of burst!
CTI_O didn't change to '111' when end of burst
Time:           3461445000
tb_ethernet.wb_eth_slave_bus_mon.message_out, Master violated WISHBONE protocol by changing the value of TAG_O signals at inappropriate time!
Time:           3461505000
tb_ethernet.wb_eth_slave_bus_mon.message_out, Master violated WISHBONE protocol by NOT changing the CTI_O signals to '111' when end of burst!
CTI_O didn't change to '111' when end of burst
Time:           3549045000
tb_ethernet.wb_eth_slave_bus_mon.message_out, Master violated WISHBONE protocol by changing the value of TAG_O signals at inappropriate time!
Time:           3549105000
tb_ethernet.wb_eth_slave_bus_mon.message_out, Master violated WISHBONE protocol by NOT changing the CTI_O signals to '111' when end of burst!
CTI_O didn't change to '111' when end of burst
Time:           3637365000
tb_ethernet.wb_eth_slave_bus_mon.message_out, Master violated WISHBONE protocol by changing the value of TAG_O signals at inappropriate time!
Time:           3637425000
tb_ethernet.wb_eth_slave_bus_mon.message_out, Master violated WISHBONE protocol by NOT changing the CTI_O signals to '111' when end of burst!
CTI_O didn't change to '111' when end of burst
Time:           3726645000
tb_ethernet.wb_eth_slave_bus_mon.message_out, Master violated WISHBONE protocol by changing the value of TAG_O signals at inappropriate time!
Time:           3726705000
tb_ethernet.wb_eth_slave_bus_mon.message_out, Master violated WISHBONE protocol by NOT changing the CTI_O signals to '111' when end of burst!
CTI_O didn't change to '111' when end of burst
Time:           3816645000
tb_ethernet.wb_eth_slave_bus_mon.message_out, Master violated WISHBONE protocol by changing the value of TAG_O signals at inappropriate time!
Time:           3816705000
tb_ethernet.wb_eth_slave_bus_mon.message_out, Master violated WISHBONE protocol by NOT changing the CTI_O signals to '111' when end of burst!
CTI_O didn't change to '111' when end of burst
Time:           3907365000
tb_ethernet.wb_eth_slave_bus_mon.message_out, Master violated WISHBONE protocol by changing the value of TAG_O signals at inappropriate time!
Time:           3907425000
tb_ethernet.wb_eth_slave_bus_mon.message_out, Master violated WISHBONE protocol by NOT changing the CTI_O signals to '111' when end of burst!
CTI_O didn't change to '111' when end of burst
Time:           3999045000
tb_ethernet.wb_eth_slave_bus_mon.message_out, Master violated WISHBONE protocol by changing the value of TAG_O signals at inappropriate time!
Time:           3999105000
tb_ethernet.wb_eth_slave_bus_mon.message_out, Master violated WISHBONE protocol by NOT changing the CTI_O signals to '111' when end of burst!
CTI_O didn't change to '111' when end of burst
Time:           4091445000
tb_ethernet.wb_eth_slave_bus_mon.message_out, Master violated WISHBONE protocol by changing the value of TAG_O signals at inappropriate time!
Time:           4091505000
tb_ethernet.wb_eth_slave_bus_mon.message_out, Master violated WISHBONE protocol by NOT changing the CTI_O signals to '111' when end of burst!
CTI_O didn't change to '111' when end of burst
Time:           4184565000
tb_ethernet.wb_eth_slave_bus_mon.message_out, Master violated WISHBONE protocol by changing the value of TAG_O signals at inappropriate time!
Time:           4184625000
tb_ethernet.wb_eth_slave_bus_mon.message_out, Master violated WISHBONE protocol by NOT changing the CTI_O signals to '111' when end of burst!
CTI_O didn't change to '111' when end of burst
Time:           4278645000
tb_ethernet.wb_eth_slave_bus_mon.message_out, Master violated WISHBONE protocol by changing the value of TAG_O signals at inappropriate time!
Time:           4278705000
tb_ethernet.wb_eth_slave_bus_mon.message_out, Master violated WISHBONE protocol by NOT changing the CTI_O signals to '111' when end of burst!
CTI_O didn't change to '111' when end of burst
Time:           4373445000
tb_ethernet.wb_eth_slave_bus_mon.message_out, Master violated WISHBONE protocol by changing the value of TAG_O signals at inappropriate time!
Time:           4373505000
tb_ethernet.wb_eth_slave_bus_mon.message_out, Master violated WISHBONE protocol by NOT changing the CTI_O signals to '111' when end of burst!
CTI_O didn't change to '111' when end of burst
Time:           4468965000
tb_ethernet.wb_eth_slave_bus_mon.message_out, Master violated WISHBONE protocol by changing the value of TAG_O signals at inappropriate time!
Time:           4469025000
tb_ethernet.wb_eth_slave_bus_mon.message_out, Master violated WISHBONE protocol by NOT changing the CTI_O signals to '111' when end of burst!
CTI_O didn't change to '111' when end of burst
Time:           4565445000
tb_ethernet.wb_eth_slave_bus_mon.message_out, Master violated WISHBONE protocol by changing the value of TAG_O signals at inappropriate time!
Time:           4565505000
tb_ethernet.wb_eth_slave_bus_mon.message_out, Master violated WISHBONE protocol by NOT changing the CTI_O signals to '111' when end of burst!
CTI_O didn't change to '111' when end of burst
Time:           4662645000
tb_ethernet.wb_eth_slave_bus_mon.message_out, Master violated WISHBONE protocol by changing the value of TAG_O signals at inappropriate time!
Time:           4662705000
tb_ethernet.wb_eth_slave_bus_mon.message_out, Master violated WISHBONE protocol by NOT changing the CTI_O signals to '111' when end of burst!
CTI_O didn't change to '111' when end of burst
Time:           4760565000
tb_ethernet.wb_eth_slave_bus_mon.message_out, Master violated WISHBONE protocol by changing the value of TAG_O signals at inappropriate time!
Time:           4760625000
tb_ethernet.wb_eth_slave_bus_mon.message_out, Master violated WISHBONE protocol by NOT changing the CTI_O signals to '111' when end of burst!
CTI_O didn't change to '111' when end of burst
Time:           4859445000
tb_ethernet.wb_eth_slave_bus_mon.message_out, Master violated WISHBONE protocol by changing the value of TAG_O signals at inappropriate time!
Time:           4859505000
tb_ethernet.wb_eth_slave_bus_mon.message_out, Master violated WISHBONE protocol by NOT changing the CTI_O signals to '111' when end of burst!
CTI_O didn't change to '111' when end of burst
Time:           4959045000
tb_ethernet.wb_eth_slave_bus_mon.message_out, Master violated WISHBONE protocol by changing the value of TAG_O signals at inappropriate time!
Time:           4959105000
tb_ethernet.wb_eth_slave_bus_mon.message_out, Master violated WISHBONE protocol by NOT changing the CTI_O signals to '111' when end of burst!
CTI_O didn't change to '111' when end of burst
Time:           5059845000
tb_ethernet.wb_eth_slave_bus_mon.message_out, Master violated WISHBONE protocol by changing the value of TAG_O signals at inappropriate time!
Time:           5059905000
tb_ethernet.wb_eth_slave_bus_mon.message_out, Master violated WISHBONE protocol by NOT changing the CTI_O signals to '111' when end of burst!
CTI_O didn't change to '111' when end of burst
Time:           5161005000
tb_ethernet.wb_eth_slave_bus_mon.message_out, Master violated WISHBONE protocol by changing the value of TAG_O signals at inappropriate time!
Time:           5161065000
tb_ethernet.wb_eth_slave_bus_mon.message_out, Master violated WISHBONE protocol by NOT changing the CTI_O signals to '111' when end of burst!
CTI_O didn't change to '111' when end of burst
Time:           5263365000
tb_ethernet.wb_eth_slave_bus_mon.message_out, Master violated WISHBONE protocol by changing the value of TAG_O signals at inappropriate time!
Time:           5263425000
tb_ethernet.wb_eth_slave_bus_mon.message_out, Master violated WISHBONE protocol by NOT changing the CTI_O signals to '111' when end of burst!
CTI_O didn't change to '111' when end of burst
Time:           5366205000
tb_ethernet.wb_eth_slave_bus_mon.message_out, Master violated WISHBONE protocol by changing the value of TAG_O signals at inappropriate time!
Time:           5366265000
tb_ethernet.wb_eth_slave_bus_mon.message_out, Master violated WISHBONE protocol by NOT changing the CTI_O signals to '111' when end of burst!
CTI_O didn't change to '111' when end of burst
Time:           5470245000
tb_ethernet.wb_eth_slave_bus_mon.message_out, Master violated WISHBONE protocol by changing the value of TAG_O signals at inappropriate time!
Time:           5470305000
tb_ethernet.wb_eth_slave_bus_mon.message_out, Master violated WISHBONE protocol by NOT changing the CTI_O signals to '111' when end of burst!
CTI_O didn't change to '111' when end of burst
Time:           5575005000
tb_ethernet.wb_eth_slave_bus_mon.message_out, Master violated WISHBONE protocol by changing the value of TAG_O signals at inappropriate time!
Time:           5575065000
tb_ethernet.wb_eth_slave_bus_mon.message_out, Master violated WISHBONE protocol by NOT changing the CTI_O signals to '111' when end of burst!
CTI_O didn't change to '111' when end of burst
Time:           5680605000
tb_ethernet.wb_eth_slave_bus_mon.message_out, Master violated WISHBONE protocol by changing the value of TAG_O signals at inappropriate time!
Time:           5680665000
tb_ethernet.wb_eth_slave_bus_mon.message_out, Master violated WISHBONE protocol by NOT changing the CTI_O signals to '111' when end of burst!
CTI_O didn't change to '111' when end of burst
Time:           5787045000
tb_ethernet.wb_eth_slave_bus_mon.message_out, Master violated WISHBONE protocol by changing the value of TAG_O signals at inappropriate time!
Time:           5787105000
tb_ethernet.wb_eth_slave_bus_mon.message_out, Master violated WISHBONE protocol by NOT changing the CTI_O signals to '111' when end of burst!
CTI_O didn't change to '111' when end of burst
Time:           5894205000
tb_ethernet.wb_eth_slave_bus_mon.message_out, Master violated WISHBONE protocol by changing the value of TAG_O signals at inappropriate time!
Time:           5894265000
tb_ethernet.wb_eth_slave_bus_mon.message_out, Master violated WISHBONE protocol by NOT changing the CTI_O signals to '111' when end of burst!
CTI_O didn't change to '111' when end of burst
Time:           6002205000
tb_ethernet.wb_eth_slave_bus_mon.message_out, Master violated WISHBONE protocol by changing the value of TAG_O signals at inappropriate time!
Time:           6002265000
tb_ethernet.wb_eth_slave_bus_mon.message_out, Master violated WISHBONE protocol by NOT changing the CTI_O signals to '111' when end of burst!
CTI_O didn't change to '111' when end of burst
Time:           6111045000
tb_ethernet.wb_eth_slave_bus_mon.message_out, Master violated WISHBONE protocol by changing the value of TAG_O signals at inappropriate time!
Time:           6111105000
tb_ethernet.wb_eth_slave_bus_mon.message_out, Master violated WISHBONE protocol by NOT changing the CTI_O signals to '111' when end of burst!
CTI_O didn't change to '111' when end of burst
Time:           6220605000
tb_ethernet.wb_eth_slave_bus_mon.message_out, Master violated WISHBONE protocol by changing the value of TAG_O signals at inappropriate time!
Time:           6220665000
tb_ethernet.wb_eth_slave_bus_mon.message_out, Master violated WISHBONE protocol by NOT changing the CTI_O signals to '111' when end of burst!
CTI_O didn't change to '111' when end of burst
Time:           6331005000
tb_ethernet.wb_eth_slave_bus_mon.message_out, Master violated WISHBONE protocol by changing the value of TAG_O signals at inappropriate time!
Time:           6331065000
tb_ethernet.wb_eth_slave_bus_mon.message_out, Master violated WISHBONE protocol by NOT changing the CTI_O signals to '111' when end of burst!
CTI_O didn't change to '111' when end of burst
Time:           6442245000
tb_ethernet.wb_eth_slave_bus_mon.message_out, Master violated WISHBONE protocol by changing the value of TAG_O signals at inappropriate time!
Time:           6442305000
tb_ethernet.wb_eth_slave_bus_mon.message_out, Master violated WISHBONE protocol by NOT changing the CTI_O signals to '111' when end of burst!
CTI_O didn't change to '111' when end of burst
Time:           6554205000
tb_ethernet.wb_eth_slave_bus_mon.message_out, Master violated WISHBONE protocol by changing the value of TAG_O signals at inappropriate time!
Time:           6554265000
tb_ethernet.wb_eth_slave_bus_mon.message_out, Master violated WISHBONE protocol by NOT changing the CTI_O signals to '111' when end of burst!
CTI_O didn't change to '111' when end of burst
Time:           6667005000
tb_ethernet.wb_eth_slave_bus_mon.message_out, Master violated WISHBONE protocol by changing the value of TAG_O signals at inappropriate time!
Time:           6667065000
tb_ethernet.wb_eth_slave_bus_mon.message_out, Master violated WISHBONE protocol by NOT changing the CTI_O signals to '111' when end of burst!
CTI_O didn't change to '111' when end of burst
Time:           6780645000
tb_ethernet.wb_eth_slave_bus_mon.message_out, Master violated WISHBONE protocol by changing the value of TAG_O signals at inappropriate time!
Time:           6780705000
tb_ethernet.wb_eth_slave_bus_mon.message_out, Master violated WISHBONE protocol by NOT changing the CTI_O signals to '111' when end of burst!
CTI_O didn't change to '111' when end of burst
Time:           6895005000
tb_ethernet.wb_eth_slave_bus_mon.message_out, Master violated WISHBONE protocol by changing the value of TAG_O signals at inappropriate time!
Time:           6895065000
tb_ethernet.wb_eth_slave_bus_mon.message_out, Master violated WISHBONE protocol by NOT changing the CTI_O signals to '111' when end of burst!
CTI_O didn't change to '111' when end of burst
Time:           7010205000
tb_ethernet.wb_eth_slave_bus_mon.message_out, Master violated WISHBONE protocol by changing the value of TAG_O signals at inappropriate time!
Time:           7010265000
tb_ethernet.wb_eth_slave_bus_mon.message_out, Master violated WISHBONE protocol by NOT changing the CTI_O signals to '111' when end of burst!
CTI_O didn't change to '111' when end of burst
Time:           7126245000
tb_ethernet.wb_eth_slave_bus_mon.message_out, Master violated WISHBONE protocol by changing the value of TAG_O signals at inappropriate time!
Time:           7126305000
tb_ethernet.wb_eth_slave_bus_mon.message_out, Master violated WISHBONE protocol by NOT changing the CTI_O signals to '111' when end of burst!
CTI_O didn't change to '111' when end of burst
Time:           7243365000
tb_ethernet.wb_eth_slave_bus_mon.message_out, Master violated WISHBONE protocol by changing the value of TAG_O signals at inappropriate time!
Time:           7243425000
tb_ethernet.wb_eth_slave_bus_mon.message_out, Master violated WISHBONE protocol by NOT changing the CTI_O signals to '111' when end of burst!
CTI_O didn't change to '111' when end of burst
Time:           7361085000
tb_ethernet.wb_eth_slave_bus_mon.message_out, Master violated WISHBONE protocol by changing the value of TAG_O signals at inappropriate time!
Time:           7361145000
tb_ethernet.wb_eth_slave_bus_mon.message_out, Master violated WISHBONE protocol by NOT changing the CTI_O signals to '111' when end of burst!
CTI_O didn't change to '111' when end of burst
Time:           7583325000
tb_ethernet.wb_eth_slave_bus_mon.message_out, Master violated WISHBONE protocol by changing the value of TAG_O signals at inappropriate time!
Time:           7583385000
tb_ethernet.wb_eth_slave_bus_mon.message_out, Master violated WISHBONE protocol by NOT changing the CTI_O signals to '111' when end of burst!
CTI_O didn't change to '111' when end of burst
Time:           7910205000
tb_ethernet.wb_eth_slave_bus_mon.message_out, Master violated WISHBONE protocol by changing the value of TAG_O signals at inappropriate time!
Time:           7910265000
tb_ethernet.wb_eth_slave_bus_mon.message_out, Master violated WISHBONE protocol by NOT changing the CTI_O signals to '111' when end of burst!
CTI_O didn't change to '111' when end of burst
Time:           8341365000
tb_ethernet.wb_eth_slave_bus_mon.message_out, Master violated WISHBONE protocol by changing the value of TAG_O signals at inappropriate time!
Time:           8341425000
tb_ethernet.wb_eth_slave_bus_mon.message_out, Master violated WISHBONE protocol by NOT changing the CTI_O signals to '111' when end of burst!
CTI_O didn't change to '111' when end of burst
Time:           8877405000
tb_ethernet.wb_eth_slave_bus_mon.message_out, Master violated WISHBONE protocol by changing the value of TAG_O signals at inappropriate time!
Time:           8877465000
tb_ethernet.wb_eth_slave_bus_mon.message_out, Master violated WISHBONE protocol by NOT changing the CTI_O signals to '111' when end of burst!
CTI_O didn't change to '111' when end of burst
Time:           9517725000
tb_ethernet.wb_eth_slave_bus_mon.message_out, Master violated WISHBONE protocol by changing the value of TAG_O signals at inappropriate time!
Time:           9517785000
tb_ethernet.wb_eth_slave_bus_mon.message_out, Master violated WISHBONE protocol by NOT changing the CTI_O signals to '111' when end of burst!
CTI_O didn't change to '111' when end of burst
Time:          10262565000
tb_ethernet.wb_eth_slave_bus_mon.message_out, Master violated WISHBONE protocol by changing the value of TAG_O signals at inappropriate time!
Time:          10262625000
tb_ethernet.wb_eth_slave_bus_mon.message_out, Master violated WISHBONE protocol by NOT changing the CTI_O signals to '111' when end of burst!
CTI_O didn't change to '111' when end of burst
Time:          11112165000
tb_ethernet.wb_eth_slave_bus_mon.message_out, Master violated WISHBONE protocol by changing the value of TAG_O signals at inappropriate time!
Time:          11112225000
tb_ethernet.wb_eth_slave_bus_mon.message_out, Master violated WISHBONE protocol by NOT changing the CTI_O signals to '111' when end of burst!
CTI_O didn't change to '111' when end of burst
