Command: ./simv_copy -l simv_copy.log
Chronologic VCS simulator copyright 1991-2016
Contains Synopsys proprietary information.
Compiler version L-2016.06-SP1-1; Runtime version L-2016.06-SP1-1;  Oct 26 23:51 2016
UVM_INFO /global/apps/vcsmx_2016.06-SP1-1/etc/uvm-1.2/base/uvm_root.svh(402) @ 0: reporter [UVM/RELNOTES] 
----------------------------------------------------------------
UVM-1.2.Synopsys
(C) 2007-2014 Mentor Graphics Corporation
(C) 2007-2014 Cadence Design Systems, Inc.
(C) 2006-2014 Synopsys, Inc.
(C) 2011-2013 Cypress Semiconductor Corp.
(C) 2013-2014 NVIDIA Corporation
----------------------------------------------------------------

  ***********       IMPORTANT RELEASE NOTES         ************

  You are using a version of the UVM library that has been compiled
  with `UVM_OBJECT_DO_NOT_NEED_CONSTRUCTOR undefined.
  See http://www.eda.org/svdb/view.php?id=3770 for more details.

      (Specify +UVM_NO_RELNOTES to turn off this notice)

----------------------------------------------
Name            Type          Size  Value     
----------------------------------------------
first_inst      class_P       -     @337      
  par_int       integral      32    'h2b5c2c6e
  par_address   integral      8     'h74      
  par_string    string        10    first_inst
  cl1           class_A       -     @338      
    cl_int      integral      32    'ha       
    cl_string   string        10    first_inst
    cl_int_arr  da(integral)  10    -         
      [0]       integral      32    'h1       
      [1]       integral      32    'h2       
      [2]       integral      32    'h3       
      [3]       integral      32    'h4       
      [4]       integral      32    'h5       
      [5]       integral      32    'h6       
      [6]       integral      32    'h7       
      [7]       integral      32    'h8       
      [8]       integral      32    'h9       
      [9]       integral      32    'ha       
  cl3           class_A       -     @339      
    cl_int      integral      32    'ha       
    cl_string   string        10    first_inst
    cl_int_arr  da(integral)  10    -         
      [0]       integral      32    'h1       
      [1]       integral      32    'h2       
      [2]       integral      32    'h3       
      [3]       integral      32    'h4       
      [4]       integral      32    'h5       
      [5]       integral      32    'h6       
      [6]       integral      32    'h7       
      [7]       integral      32    'h8       
      [8]       integral      32    'h9       
      [9]       integral      32    'ha       
----------------------------------------------
-----------------------------------------------
Name            Type          Size  Value      
-----------------------------------------------
second_inst     class_P       -     @340       
  par_int       integral      32    'h81b42c16 
  par_address   integral      8     'h2e       
  par_string    string        11    second_inst
  cl1           class_A       -     @341       
    cl_int      integral      32    'ha        
    cl_string   string        11    second_inst
    cl_int_arr  da(integral)  10    -          
      [0]       integral      32    'h1        
      [1]       integral      32    'h2        
      [2]       integral      32    'h3        
      [3]       integral      32    'h4        
      [4]       integral      32    'h5        
      [5]       integral      32    'h6        
      [6]       integral      32    'h7        
      [7]       integral      32    'h8        
      [8]       integral      32    'h9        
      [9]       integral      32    'ha        
  cl3           class_A       -     @342       
    cl_int      integral      32    'ha        
    cl_string   string        11    second_inst
    cl_int_arr  da(integral)  10    -          
      [0]       integral      32    'h1        
      [1]       integral      32    'h2        
      [2]       integral      32    'h3        
      [3]       integral      32    'h4        
      [4]       integral      32    'h5        
      [5]       integral      32    'h6        
      [6]       integral      32    'h7        
      [7]       integral      32    'h8        
      [8]       integral      32    'h9        
      [9]       integral      32    'ha        
-----------------------------------------------
----------------------------------------------
Name            Type          Size  Value     
----------------------------------------------
second_inst     class_P       -     @340      
  par_int       integral      32    'h2b5c2c6e
  par_address   integral      8     'h74      
  par_string    string        10    first_inst
  cl1           class_A       -     @338      
    cl_int      integral      32    'ha       
    cl_string   string        10    first_inst
    cl_int_arr  da(integral)  10    -         
      [0]       integral      32    'h1       
      [1]       integral      32    'h2       
      [2]       integral      32    'h3       
      [3]       integral      32    'h4       
      [4]       integral      32    'h5       
      [5]       integral      32    'h6       
      [6]       integral      32    'h7       
      [7]       integral      32    'h8       
      [8]       integral      32    'h9       
      [9]       integral      32    'ha       
  cl3           class_A       -     @339      
    cl_int      integral      32    'ha       
    cl_string   string        10    first_inst
    cl_int_arr  da(integral)  10    -         
      [0]       integral      32    'h1       
      [1]       integral      32    'h2       
      [2]       integral      32    'h3       
      [3]       integral      32    'h4       
      [4]       integral      32    'h5       
      [5]       integral      32    'h6       
      [6]       integral      32    'h7       
      [7]       integral      32    'h8       
      [8]       integral      32    'h9       
      [9]       integral      32    'ha       
----------------------------------------------
           V C S   S i m u l a t i o n   R e p o r t 
Time: 0
CPU Time:      0.360 seconds;       Data structure size:   0.1Mb
Wed Oct 26 23:51:32 2016
